  [1m[35m (701.8ms)[0m  [1m[35mCREATE DATABASE "blog_tugas_development" ENCODING = 'unicode'[0m
  ↳ /home/rauf/.rbenv/versions/2.5.3/bin/rake:23
  [1m[35m (675.2ms)[0m  [1m[35mCREATE DATABASE "blog_tugas_test" ENCODING = 'unicode'[0m
  ↳ /home/rauf/.rbenv/versions/2.5.3/bin/rake:23
  [1m[35m (137.0ms)[0m  [1m[35mCREATE TABLE "schema_migrations" ("version" character varying NOT NULL PRIMARY KEY)[0m
  ↳ /home/rauf/.rbenv/versions/2.5.3/bin/rake:23
  [1m[35m (119.6ms)[0m  [1m[35mCREATE TABLE "ar_internal_metadata" ("key" character varying NOT NULL PRIMARY KEY, "value" character varying, "created_at" timestamp NOT NULL, "updated_at" timestamp NOT NULL)[0m
  ↳ /home/rauf/.rbenv/versions/2.5.3/bin/rake:23
  [1m[35m (1.4ms)[0m  [1m[34mSELECT pg_try_advisory_lock(830645234859916035)[0m
  ↳ /home/rauf/.rbenv/versions/2.5.3/bin/rake:23
  [1m[35m (1.7ms)[0m  [1m[34mSELECT "schema_migrations"."version" FROM "schema_migrations" ORDER BY "schema_migrations"."version" ASC[0m
  ↳ /home/rauf/.rbenv/versions/2.5.3/bin/rake:23
Migrating to CreatePosts (20181113113035)
  [1m[35m (0.6ms)[0m  [1m[35mBEGIN[0m
  ↳ /home/rauf/.rbenv/versions/2.5.3/bin/rake:23
  [1m[35m (132.8ms)[0m  [1m[35mCREATE TABLE "posts" ("id" bigserial primary key, "title" character varying, "text" text, "created_at" timestamp NOT NULL, "updated_at" timestamp NOT NULL)[0m
  ↳ db/migrate/20181113113035_create_posts.rb:3
  [1m[36mActiveRecord::SchemaMigration Create (2.0ms)[0m  [1m[32mINSERT INTO "schema_migrations" ("version") VALUES ($1) RETURNING "version"[0m  [["version", "20181113113035"]]
  ↳ /home/rauf/.rbenv/versions/2.5.3/bin/rake:23
  [1m[35m (21.7ms)[0m  [1m[35mCOMMIT[0m
  ↳ /home/rauf/.rbenv/versions/2.5.3/bin/rake:23
Migrating to CreateComments (20181113113237)
  [1m[35m (0.4ms)[0m  [1m[35mBEGIN[0m
  ↳ /home/rauf/.rbenv/versions/2.5.3/bin/rake:23
  [1m[35m (119.2ms)[0m  [1m[35mCREATE TABLE "comments" ("id" bigserial primary key, "post_id" integer, "text" text, "created_at" timestamp NOT NULL, "updated_at" timestamp NOT NULL)[0m
  ↳ db/migrate/20181113113237_create_comments.rb:3
  [1m[36mActiveRecord::SchemaMigration Create (1.7ms)[0m  [1m[32mINSERT INTO "schema_migrations" ("version") VALUES ($1) RETURNING "version"[0m  [["version", "20181113113237"]]
  ↳ /home/rauf/.rbenv/versions/2.5.3/bin/rake:23
  [1m[35m (21.3ms)[0m  [1m[35mCOMMIT[0m
  ↳ /home/rauf/.rbenv/versions/2.5.3/bin/rake:23
  [1m[36mActiveRecord::InternalMetadata Load (1.1ms)[0m  [1m[34mSELECT  "ar_internal_metadata".* FROM "ar_internal_metadata" WHERE "ar_internal_metadata"."key" = $1 LIMIT $2[0m  [["key", "environment"], ["LIMIT", 1]]
  ↳ /home/rauf/.rbenv/versions/2.5.3/bin/rake:23
  [1m[35m (0.7ms)[0m  [1m[35mBEGIN[0m
  ↳ /home/rauf/.rbenv/versions/2.5.3/bin/rake:23
  [1m[36mActiveRecord::InternalMetadata Create (1.4ms)[0m  [1m[32mINSERT INTO "ar_internal_metadata" ("key", "value", "created_at", "updated_at") VALUES ($1, $2, $3, $4) RETURNING "key"[0m  [["key", "environment"], ["value", "development"], ["created_at", "2018-11-13 11:35:13.621050"], ["updated_at", "2018-11-13 11:35:13.621050"]]
  ↳ /home/rauf/.rbenv/versions/2.5.3/bin/rake:23
  [1m[35m (7.3ms)[0m  [1m[35mCOMMIT[0m
  ↳ /home/rauf/.rbenv/versions/2.5.3/bin/rake:23
  [1m[35m (1.0ms)[0m  [1m[34mSELECT pg_advisory_unlock(830645234859916035)[0m
  ↳ /home/rauf/.rbenv/versions/2.5.3/bin/rake:23
  [1m[35m (1.1ms)[0m  [1m[34mSELECT "schema_migrations"."version" FROM "schema_migrations" ORDER BY "schema_migrations"."version" ASC[0m
  ↳ /home/rauf/.rbenv/versions/2.5.3/bin/rake:23
Started GET "/" for 127.0.0.1 at 2018-11-13 18:36:51 +0700
  [1m[35m (2.3ms)[0m  [1m[34mSELECT "schema_migrations"."version" FROM "schema_migrations" ORDER BY "schema_migrations"."version" ASC[0m
  ↳ /home/rauf/.rbenv/versions/2.5.3/lib/ruby/gems/2.5.0/gems/activerecord-5.2.1/lib/active_record/log_subscriber.rb:98
Processing by Rails::WelcomeController#index as HTML
  Rendering /home/rauf/.rbenv/versions/2.5.3/lib/ruby/gems/2.5.0/gems/railties-5.2.1/lib/rails/templates/rails/welcome/index.html.erb
  Rendered /home/rauf/.rbenv/versions/2.5.3/lib/ruby/gems/2.5.0/gems/railties-5.2.1/lib/rails/templates/rails/welcome/index.html.erb (8.7ms)
Completed 200 OK in 85ms (Views: 24.5ms | ActiveRecord: 0.0ms)


Started GET "/posts/new" for 127.0.0.1 at 2018-11-13 18:37:16 +0700
Processing by PostsController#new as HTML
  Rendering posts/new.html.erb within layouts/application
  Rendered posts/_form.html.erb (124.2ms)
  Rendered posts/new.html.erb within layouts/application (127.5ms)
Started GET "/posts" for 127.0.0.1 at 2018-11-13 18:37:18 +0700
Processing by PostsController#index as HTML
  Rendering posts/index.html.erb within layouts/application
  [1m[36mPost Load (2.2ms)[0m  [1m[34mSELECT "posts".* FROM "posts"[0m
  ↳ app/views/posts/index.html.erb:15
  Rendered posts/index.html.erb within layouts/application (7.4ms)
Completed 200 OK in 1985ms (Views: 1935.3ms | ActiveRecord: 19.9ms)


Completed 200 OK in 1057ms (Views: 1051.9ms | ActiveRecord: 2.2ms)


Started POST "/posts" for 127.0.0.1 at 2018-11-13 18:37:46 +0700
Processing by PostsController#create as HTML
  Parameters: {"utf8"=>"✓", "authenticity_token"=>"rPBkLXJvfzXTot3LqxxFQmkFXPGTVYngtodS73FCjpayTbPtOae2JVzgic2K0zKwOK34n7+gnC3RJqtO0eT5/A==", "post"=>{"title"=>"Post 1", "text"=>"My first Post"}, "commit"=>"Create Post"}
Can't verify CSRF token authenticity.
Completed 422 Unprocessable Entity in 3ms (ActiveRecord: 0.0ms)


  
ActionController::InvalidAuthenticityToken (ActionController::InvalidAuthenticityToken):
  
actionpack (5.2.1) lib/action_controller/metal/request_forgery_protection.rb:211:in `handle_unverified_request'
actionpack (5.2.1) lib/action_controller/metal/request_forgery_protection.rb:243:in `handle_unverified_request'
actionpack (5.2.1) lib/action_controller/metal/request_forgery_protection.rb:238:in `verify_authenticity_token'
activesupport (5.2.1) lib/active_support/callbacks.rb:426:in `block in make_lambda'
activesupport (5.2.1) lib/active_support/callbacks.rb:198:in `block (2 levels) in halting'
actionpack (5.2.1) lib/abstract_controller/callbacks.rb:34:in `block (2 levels) in <module:Callbacks>'
activesupport (5.2.1) lib/active_support/callbacks.rb:199:in `block in halting'
activesupport (5.2.1) lib/active_support/callbacks.rb:513:in `block in invoke_before'
activesupport (5.2.1) lib/active_support/callbacks.rb:513:in `each'
activesupport (5.2.1) lib/active_support/callbacks.rb:513:in `invoke_before'
activesupport (5.2.1) lib/active_support/callbacks.rb:131:in `run_callbacks'
actionpack (5.2.1) lib/abstract_controller/callbacks.rb:41:in `process_action'
actionpack (5.2.1) lib/action_controller/metal/rescue.rb:22:in `process_action'
actionpack (5.2.1) lib/action_controller/metal/instrumentation.rb:34:in `block in process_action'
activesupport (5.2.1) lib/active_support/notifications.rb:168:in `block in instrument'
activesupport (5.2.1) lib/active_support/notifications/instrumenter.rb:23:in `instrument'
activesupport (5.2.1) lib/active_support/notifications.rb:168:in `instrument'
actionpack (5.2.1) lib/action_controller/metal/instrumentation.rb:32:in `process_action'
actionpack (5.2.1) lib/action_controller/metal/params_wrapper.rb:256:in `process_action'
activerecord (5.2.1) lib/active_record/railties/controller_runtime.rb:24:in `process_action'
actionpack (5.2.1) lib/abstract_controller/base.rb:134:in `process'
actionview (5.2.1) lib/action_view/rendering.rb:32:in `process'
actionpack (5.2.1) lib/action_controller/metal.rb:191:in `dispatch'
actionpack (5.2.1) lib/action_controller/metal.rb:252:in `dispatch'
actionpack (5.2.1) lib/action_dispatch/routing/route_set.rb:52:in `dispatch'
actionpack (5.2.1) lib/action_dispatch/routing/route_set.rb:34:in `serve'
actionpack (5.2.1) lib/action_dispatch/journey/router.rb:52:in `block in serve'
actionpack (5.2.1) lib/action_dispatch/journey/router.rb:35:in `each'
actionpack (5.2.1) lib/action_dispatch/journey/router.rb:35:in `serve'
actionpack (5.2.1) lib/action_dispatch/routing/route_set.rb:840:in `call'
rack (2.0.6) lib/rack/tempfile_reaper.rb:15:in `call'
rack (2.0.6) lib/rack/etag.rb:25:in `call'
rack (2.0.6) lib/rack/conditional_get.rb:38:in `call'
rack (2.0.6) lib/rack/head.rb:12:in `call'
actionpack (5.2.1) lib/action_dispatch/http/content_security_policy.rb:18:in `call'
rack (2.0.6) lib/rack/session/abstract/id.rb:232:in `context'
rack (2.0.6) lib/rack/session/abstract/id.rb:226:in `call'
actionpack (5.2.1) lib/action_dispatch/middleware/cookies.rb:670:in `call'
activerecord (5.2.1) lib/active_record/migration.rb:559:in `call'
actionpack (5.2.1) lib/action_dispatch/middleware/callbacks.rb:28:in `block in call'
activesupport (5.2.1) lib/active_support/callbacks.rb:98:in `run_callbacks'
actionpack (5.2.1) lib/action_dispatch/middleware/callbacks.rb:26:in `call'
actionpack (5.2.1) lib/action_dispatch/middleware/executor.rb:14:in `call'
actionpack (5.2.1) lib/action_dispatch/middleware/debug_exceptions.rb:61:in `call'
web-console (3.7.0) lib/web_console/middleware.rb:135:in `call_app'
web-console (3.7.0) lib/web_console/middleware.rb:30:in `block in call'
web-console (3.7.0) lib/web_console/middleware.rb:20:in `catch'
web-console (3.7.0) lib/web_console/middleware.rb:20:in `call'
actionpack (5.2.1) lib/action_dispatch/middleware/show_exceptions.rb:33:in `call'
railties (5.2.1) lib/rails/rack/logger.rb:38:in `call_app'
railties (5.2.1) lib/rails/rack/logger.rb:26:in `block in call'
activesupport (5.2.1) lib/active_support/tagged_logging.rb:71:in `block in tagged'
activesupport (5.2.1) lib/active_support/tagged_logging.rb:28:in `tagged'
activesupport (5.2.1) lib/active_support/tagged_logging.rb:71:in `tagged'
railties (5.2.1) lib/rails/rack/logger.rb:26:in `call'
sprockets-rails (3.2.1) lib/sprockets/rails/quiet_assets.rb:13:in `call'
actionpack (5.2.1) lib/action_dispatch/middleware/remote_ip.rb:81:in `call'
actionpack (5.2.1) lib/action_dispatch/middleware/request_id.rb:27:in `call'
rack (2.0.6) lib/rack/method_override.rb:22:in `call'
rack (2.0.6) lib/rack/runtime.rb:22:in `call'
activesupport (5.2.1) lib/active_support/cache/strategy/local_cache_middleware.rb:29:in `call'
actionpack (5.2.1) lib/action_dispatch/middleware/executor.rb:14:in `call'
actionpack (5.2.1) lib/action_dispatch/middleware/static.rb:127:in `call'
rack (2.0.6) lib/rack/sendfile.rb:111:in `call'
railties (5.2.1) lib/rails/engine.rb:524:in `call'
puma (3.12.0) lib/puma/configuration.rb:225:in `call'
puma (3.12.0) lib/puma/server.rb:658:in `handle_request'
puma (3.12.0) lib/puma/server.rb:472:in `process_client'
puma (3.12.0) lib/puma/server.rb:332:in `block in run'
puma (3.12.0) lib/puma/thread_pool.rb:133:in `block in spawn_thread'
Started POST "/posts" for 127.0.0.1 at 2018-11-13 18:38:25 +0700
Processing by PostsController#create as HTML
  Parameters: {"utf8"=>"✓", "authenticity_token"=>"v5p4W1A90TfWu30QPH1v5g5D8JyZkT+1dxskXXsMmkyyk4QHSTiykpN8dnk6PuRHSS40sponCwF4Ay+UysC9zw==", "post"=>{"title"=>"Post 1", "text"=>"My first Post"}, "commit"=>"Create Post"}
Can't verify CSRF token authenticity.
Completed 422 Unprocessable Entity in 5ms (ActiveRecord: 0.0ms)


  
ActionController::InvalidAuthenticityToken (ActionController::InvalidAuthenticityToken):
  
actionpack (5.2.1) lib/action_controller/metal/request_forgery_protection.rb:211:in `handle_unverified_request'
actionpack (5.2.1) lib/action_controller/metal/request_forgery_protection.rb:243:in `handle_unverified_request'
actionpack (5.2.1) lib/action_controller/metal/request_forgery_protection.rb:238:in `verify_authenticity_token'
activesupport (5.2.1) lib/active_support/callbacks.rb:426:in `block in make_lambda'
activesupport (5.2.1) lib/active_support/callbacks.rb:198:in `block (2 levels) in halting'
actionpack (5.2.1) lib/abstract_controller/callbacks.rb:34:in `block (2 levels) in <module:Callbacks>'
activesupport (5.2.1) lib/active_support/callbacks.rb:199:in `block in halting'
activesupport (5.2.1) lib/active_support/callbacks.rb:513:in `block in invoke_before'
activesupport (5.2.1) lib/active_support/callbacks.rb:513:in `each'
activesupport (5.2.1) lib/active_support/callbacks.rb:513:in `invoke_before'
activesupport (5.2.1) lib/active_support/callbacks.rb:131:in `run_callbacks'
actionpack (5.2.1) lib/abstract_controller/callbacks.rb:41:in `process_action'
actionpack (5.2.1) lib/action_controller/metal/rescue.rb:22:in `process_action'
actionpack (5.2.1) lib/action_controller/metal/instrumentation.rb:34:in `block in process_action'
activesupport (5.2.1) lib/active_support/notifications.rb:168:in `block in instrument'
activesupport (5.2.1) lib/active_support/notifications/instrumenter.rb:23:in `instrument'
activesupport (5.2.1) lib/active_support/notifications.rb:168:in `instrument'
actionpack (5.2.1) lib/action_controller/metal/instrumentation.rb:32:in `process_action'
actionpack (5.2.1) lib/action_controller/metal/params_wrapper.rb:256:in `process_action'
activerecord (5.2.1) lib/active_record/railties/controller_runtime.rb:24:in `process_action'
actionpack (5.2.1) lib/abstract_controller/base.rb:134:in `process'
actionview (5.2.1) lib/action_view/rendering.rb:32:in `process'
actionpack (5.2.1) lib/action_controller/metal.rb:191:in `dispatch'
actionpack (5.2.1) lib/action_controller/metal.rb:252:in `dispatch'
actionpack (5.2.1) lib/action_dispatch/routing/route_set.rb:52:in `dispatch'
actionpack (5.2.1) lib/action_dispatch/routing/route_set.rb:34:in `serve'
actionpack (5.2.1) lib/action_dispatch/journey/router.rb:52:in `block in serve'
actionpack (5.2.1) lib/action_dispatch/journey/router.rb:35:in `each'
actionpack (5.2.1) lib/action_dispatch/journey/router.rb:35:in `serve'
actionpack (5.2.1) lib/action_dispatch/routing/route_set.rb:840:in `call'
rack (2.0.6) lib/rack/tempfile_reaper.rb:15:in `call'
rack (2.0.6) lib/rack/etag.rb:25:in `call'
rack (2.0.6) lib/rack/conditional_get.rb:38:in `call'
rack (2.0.6) lib/rack/head.rb:12:in `call'
actionpack (5.2.1) lib/action_dispatch/http/content_security_policy.rb:18:in `call'
rack (2.0.6) lib/rack/session/abstract/id.rb:232:in `context'
rack (2.0.6) lib/rack/session/abstract/id.rb:226:in `call'
actionpack (5.2.1) lib/action_dispatch/middleware/cookies.rb:670:in `call'
activerecord (5.2.1) lib/active_record/migration.rb:559:in `call'
actionpack (5.2.1) lib/action_dispatch/middleware/callbacks.rb:28:in `block in call'
activesupport (5.2.1) lib/active_support/callbacks.rb:98:in `run_callbacks'
actionpack (5.2.1) lib/action_dispatch/middleware/callbacks.rb:26:in `call'
actionpack (5.2.1) lib/action_dispatch/middleware/executor.rb:14:in `call'
actionpack (5.2.1) lib/action_dispatch/middleware/debug_exceptions.rb:61:in `call'
web-console (3.7.0) lib/web_console/middleware.rb:135:in `call_app'
web-console (3.7.0) lib/web_console/middleware.rb:30:in `block in call'
web-console (3.7.0) lib/web_console/middleware.rb:20:in `catch'
web-console (3.7.0) lib/web_console/middleware.rb:20:in `call'
actionpack (5.2.1) lib/action_dispatch/middleware/show_exceptions.rb:33:in `call'
railties (5.2.1) lib/rails/rack/logger.rb:38:in `call_app'
railties (5.2.1) lib/rails/rack/logger.rb:26:in `block in call'
activesupport (5.2.1) lib/active_support/tagged_logging.rb:71:in `block in tagged'
activesupport (5.2.1) lib/active_support/tagged_logging.rb:28:in `tagged'
activesupport (5.2.1) lib/active_support/tagged_logging.rb:71:in `tagged'
railties (5.2.1) lib/rails/rack/logger.rb:26:in `call'
sprockets-rails (3.2.1) lib/sprockets/rails/quiet_assets.rb:13:in `call'
actionpack (5.2.1) lib/action_dispatch/middleware/remote_ip.rb:81:in `call'
actionpack (5.2.1) lib/action_dispatch/middleware/request_id.rb:27:in `call'
rack (2.0.6) lib/rack/method_override.rb:22:in `call'
rack (2.0.6) lib/rack/runtime.rb:22:in `call'
activesupport (5.2.1) lib/active_support/cache/strategy/local_cache_middleware.rb:29:in `call'
actionpack (5.2.1) lib/action_dispatch/middleware/executor.rb:14:in `call'
actionpack (5.2.1) lib/action_dispatch/middleware/static.rb:127:in `call'
rack (2.0.6) lib/rack/sendfile.rb:111:in `call'
railties (5.2.1) lib/rails/engine.rb:524:in `call'
puma (3.12.0) lib/puma/configuration.rb:225:in `call'
puma (3.12.0) lib/puma/server.rb:658:in `handle_request'
puma (3.12.0) lib/puma/server.rb:472:in `process_client'
puma (3.12.0) lib/puma/server.rb:332:in `block in run'
puma (3.12.0) lib/puma/thread_pool.rb:133:in `block in spawn_thread'
Started POST "/posts" for 127.0.0.1 at 2018-11-13 18:40:29 +0700
Processing by PostsController#create as HTML
  Parameters: {"utf8"=>"✓", "authenticity_token"=>"v5p4W1A90TfWu30QPH1v5g5D8JyZkT+1dxskXXsMmkyyk4QHSTiykpN8dnk6PuRHSS40sponCwF4Ay+UysC9zw==", "post"=>{"title"=>"Post 1", "text"=>" My first Post My first Post My first Post"}, "commit"=>"Create Post"}
Can't verify CSRF token authenticity.
Completed 422 Unprocessable Entity in 3ms (ActiveRecord: 0.0ms)


  
ActionController::InvalidAuthenticityToken (ActionController::InvalidAuthenticityToken):
  
actionpack (5.2.1) lib/action_controller/metal/request_forgery_protection.rb:211:in `handle_unverified_request'
actionpack (5.2.1) lib/action_controller/metal/request_forgery_protection.rb:243:in `handle_unverified_request'
actionpack (5.2.1) lib/action_controller/metal/request_forgery_protection.rb:238:in `verify_authenticity_token'
activesupport (5.2.1) lib/active_support/callbacks.rb:426:in `block in make_lambda'
activesupport (5.2.1) lib/active_support/callbacks.rb:198:in `block (2 levels) in halting'
actionpack (5.2.1) lib/abstract_controller/callbacks.rb:34:in `block (2 levels) in <module:Callbacks>'
activesupport (5.2.1) lib/active_support/callbacks.rb:199:in `block in halting'
activesupport (5.2.1) lib/active_support/callbacks.rb:513:in `block in invoke_before'
activesupport (5.2.1) lib/active_support/callbacks.rb:513:in `each'
activesupport (5.2.1) lib/active_support/callbacks.rb:513:in `invoke_before'
activesupport (5.2.1) lib/active_support/callbacks.rb:131:in `run_callbacks'
actionpack (5.2.1) lib/abstract_controller/callbacks.rb:41:in `process_action'
actionpack (5.2.1) lib/action_controller/metal/rescue.rb:22:in `process_action'
actionpack (5.2.1) lib/action_controller/metal/instrumentation.rb:34:in `block in process_action'
activesupport (5.2.1) lib/active_support/notifications.rb:168:in `block in instrument'
activesupport (5.2.1) lib/active_support/notifications/instrumenter.rb:23:in `instrument'
activesupport (5.2.1) lib/active_support/notifications.rb:168:in `instrument'
actionpack (5.2.1) lib/action_controller/metal/instrumentation.rb:32:in `process_action'
actionpack (5.2.1) lib/action_controller/metal/params_wrapper.rb:256:in `process_action'
activerecord (5.2.1) lib/active_record/railties/controller_runtime.rb:24:in `process_action'
actionpack (5.2.1) lib/abstract_controller/base.rb:134:in `process'
actionview (5.2.1) lib/action_view/rendering.rb:32:in `process'
actionpack (5.2.1) lib/action_controller/metal.rb:191:in `dispatch'
actionpack (5.2.1) lib/action_controller/metal.rb:252:in `dispatch'
actionpack (5.2.1) lib/action_dispatch/routing/route_set.rb:52:in `dispatch'
actionpack (5.2.1) lib/action_dispatch/routing/route_set.rb:34:in `serve'
actionpack (5.2.1) lib/action_dispatch/journey/router.rb:52:in `block in serve'
actionpack (5.2.1) lib/action_dispatch/journey/router.rb:35:in `each'
actionpack (5.2.1) lib/action_dispatch/journey/router.rb:35:in `serve'
actionpack (5.2.1) lib/action_dispatch/routing/route_set.rb:840:in `call'
rack (2.0.6) lib/rack/tempfile_reaper.rb:15:in `call'
rack (2.0.6) lib/rack/etag.rb:25:in `call'
rack (2.0.6) lib/rack/conditional_get.rb:38:in `call'
rack (2.0.6) lib/rack/head.rb:12:in `call'
actionpack (5.2.1) lib/action_dispatch/http/content_security_policy.rb:18:in `call'
rack (2.0.6) lib/rack/session/abstract/id.rb:232:in `context'
rack (2.0.6) lib/rack/session/abstract/id.rb:226:in `call'
actionpack (5.2.1) lib/action_dispatch/middleware/cookies.rb:670:in `call'
activerecord (5.2.1) lib/active_record/migration.rb:559:in `call'
actionpack (5.2.1) lib/action_dispatch/middleware/callbacks.rb:28:in `block in call'
activesupport (5.2.1) lib/active_support/callbacks.rb:98:in `run_callbacks'
actionpack (5.2.1) lib/action_dispatch/middleware/callbacks.rb:26:in `call'
actionpack (5.2.1) lib/action_dispatch/middleware/executor.rb:14:in `call'
actionpack (5.2.1) lib/action_dispatch/middleware/debug_exceptions.rb:61:in `call'
web-console (3.7.0) lib/web_console/middleware.rb:135:in `call_app'
web-console (3.7.0) lib/web_console/middleware.rb:30:in `block in call'
web-console (3.7.0) lib/web_console/middleware.rb:20:in `catch'
web-console (3.7.0) lib/web_console/middleware.rb:20:in `call'
actionpack (5.2.1) lib/action_dispatch/middleware/show_exceptions.rb:33:in `call'
railties (5.2.1) lib/rails/rack/logger.rb:38:in `call_app'
railties (5.2.1) lib/rails/rack/logger.rb:26:in `block in call'
activesupport (5.2.1) lib/active_support/tagged_logging.rb:71:in `block in tagged'
activesupport (5.2.1) lib/active_support/tagged_logging.rb:28:in `tagged'
activesupport (5.2.1) lib/active_support/tagged_logging.rb:71:in `tagged'
railties (5.2.1) lib/rails/rack/logger.rb:26:in `call'
sprockets-rails (3.2.1) lib/sprockets/rails/quiet_assets.rb:13:in `call'
actionpack (5.2.1) lib/action_dispatch/middleware/remote_ip.rb:81:in `call'
actionpack (5.2.1) lib/action_dispatch/middleware/request_id.rb:27:in `call'
rack (2.0.6) lib/rack/method_override.rb:22:in `call'
rack (2.0.6) lib/rack/runtime.rb:22:in `call'
activesupport (5.2.1) lib/active_support/cache/strategy/local_cache_middleware.rb:29:in `call'
actionpack (5.2.1) lib/action_dispatch/middleware/executor.rb:14:in `call'
actionpack (5.2.1) lib/action_dispatch/middleware/static.rb:127:in `call'
rack (2.0.6) lib/rack/sendfile.rb:111:in `call'
railties (5.2.1) lib/rails/engine.rb:524:in `call'
puma (3.12.0) lib/puma/configuration.rb:225:in `call'
puma (3.12.0) lib/puma/server.rb:658:in `handle_request'
puma (3.12.0) lib/puma/server.rb:472:in `process_client'
puma (3.12.0) lib/puma/server.rb:332:in `block in run'
puma (3.12.0) lib/puma/thread_pool.rb:133:in `block in spawn_thread'
Started POST "/posts" for 127.0.0.1 at 2018-11-13 18:41:31 +0700
Processing by PostsController#create as HTML
  Parameters: {"utf8"=>"✓", "authenticity_token"=>"v5p4W1A90TfWu30QPH1v5g5D8JyZkT+1dxskXXsMmkyyk4QHSTiykpN8dnk6PuRHSS40sponCwF4Ay+UysC9zw==", "post"=>{"title"=>"Post 1", "text"=>" My first Post My first Post My first Post"}, "commit"=>"Create Post"}
Can't verify CSRF token authenticity.
Completed 422 Unprocessable Entity in 3ms (ActiveRecord: 0.0ms)


  
ActionController::InvalidAuthenticityToken (ActionController::InvalidAuthenticityToken):
  
actionpack (5.2.1) lib/action_controller/metal/request_forgery_protection.rb:211:in `handle_unverified_request'
actionpack (5.2.1) lib/action_controller/metal/request_forgery_protection.rb:243:in `handle_unverified_request'
actionpack (5.2.1) lib/action_controller/metal/request_forgery_protection.rb:238:in `verify_authenticity_token'
activesupport (5.2.1) lib/active_support/callbacks.rb:426:in `block in make_lambda'
activesupport (5.2.1) lib/active_support/callbacks.rb:198:in `block (2 levels) in halting'
actionpack (5.2.1) lib/abstract_controller/callbacks.rb:34:in `block (2 levels) in <module:Callbacks>'
activesupport (5.2.1) lib/active_support/callbacks.rb:199:in `block in halting'
activesupport (5.2.1) lib/active_support/callbacks.rb:513:in `block in invoke_before'
activesupport (5.2.1) lib/active_support/callbacks.rb:513:in `each'
activesupport (5.2.1) lib/active_support/callbacks.rb:513:in `invoke_before'
activesupport (5.2.1) lib/active_support/callbacks.rb:131:in `run_callbacks'
actionpack (5.2.1) lib/abstract_controller/callbacks.rb:41:in `process_action'
actionpack (5.2.1) lib/action_controller/metal/rescue.rb:22:in `process_action'
actionpack (5.2.1) lib/action_controller/metal/instrumentation.rb:34:in `block in process_action'
activesupport (5.2.1) lib/active_support/notifications.rb:168:in `block in instrument'
activesupport (5.2.1) lib/active_support/notifications/instrumenter.rb:23:in `instrument'
activesupport (5.2.1) lib/active_support/notifications.rb:168:in `instrument'
actionpack (5.2.1) lib/action_controller/metal/instrumentation.rb:32:in `process_action'
actionpack (5.2.1) lib/action_controller/metal/params_wrapper.rb:256:in `process_action'
activerecord (5.2.1) lib/active_record/railties/controller_runtime.rb:24:in `process_action'
actionpack (5.2.1) lib/abstract_controller/base.rb:134:in `process'
actionview (5.2.1) lib/action_view/rendering.rb:32:in `process'
actionpack (5.2.1) lib/action_controller/metal.rb:191:in `dispatch'
actionpack (5.2.1) lib/action_controller/metal.rb:252:in `dispatch'
actionpack (5.2.1) lib/action_dispatch/routing/route_set.rb:52:in `dispatch'
actionpack (5.2.1) lib/action_dispatch/routing/route_set.rb:34:in `serve'
actionpack (5.2.1) lib/action_dispatch/journey/router.rb:52:in `block in serve'
actionpack (5.2.1) lib/action_dispatch/journey/router.rb:35:in `each'
actionpack (5.2.1) lib/action_dispatch/journey/router.rb:35:in `serve'
actionpack (5.2.1) lib/action_dispatch/routing/route_set.rb:840:in `call'
rack (2.0.6) lib/rack/tempfile_reaper.rb:15:in `call'
rack (2.0.6) lib/rack/etag.rb:25:in `call'
rack (2.0.6) lib/rack/conditional_get.rb:38:in `call'
rack (2.0.6) lib/rack/head.rb:12:in `call'
actionpack (5.2.1) lib/action_dispatch/http/content_security_policy.rb:18:in `call'
rack (2.0.6) lib/rack/session/abstract/id.rb:232:in `context'
rack (2.0.6) lib/rack/session/abstract/id.rb:226:in `call'
actionpack (5.2.1) lib/action_dispatch/middleware/cookies.rb:670:in `call'
activerecord (5.2.1) lib/active_record/migration.rb:559:in `call'
actionpack (5.2.1) lib/action_dispatch/middleware/callbacks.rb:28:in `block in call'
activesupport (5.2.1) lib/active_support/callbacks.rb:98:in `run_callbacks'
actionpack (5.2.1) lib/action_dispatch/middleware/callbacks.rb:26:in `call'
actionpack (5.2.1) lib/action_dispatch/middleware/executor.rb:14:in `call'
actionpack (5.2.1) lib/action_dispatch/middleware/debug_exceptions.rb:61:in `call'
web-console (3.7.0) lib/web_console/middleware.rb:135:in `call_app'
web-console (3.7.0) lib/web_console/middleware.rb:30:in `block in call'
web-console (3.7.0) lib/web_console/middleware.rb:20:in `catch'
web-console (3.7.0) lib/web_console/middleware.rb:20:in `call'
actionpack (5.2.1) lib/action_dispatch/middleware/show_exceptions.rb:33:in `call'
railties (5.2.1) lib/rails/rack/logger.rb:38:in `call_app'
railties (5.2.1) lib/rails/rack/logger.rb:26:in `block in call'
activesupport (5.2.1) lib/active_support/tagged_logging.rb:71:in `block in tagged'
activesupport (5.2.1) lib/active_support/tagged_logging.rb:28:in `tagged'
activesupport (5.2.1) lib/active_support/tagged_logging.rb:71:in `tagged'
railties (5.2.1) lib/rails/rack/logger.rb:26:in `call'
sprockets-rails (3.2.1) lib/sprockets/rails/quiet_assets.rb:13:in `call'
actionpack (5.2.1) lib/action_dispatch/middleware/remote_ip.rb:81:in `call'
actionpack (5.2.1) lib/action_dispatch/middleware/request_id.rb:27:in `call'
rack (2.0.6) lib/rack/method_override.rb:22:in `call'
rack (2.0.6) lib/rack/runtime.rb:22:in `call'
activesupport (5.2.1) lib/active_support/cache/strategy/local_cache_middleware.rb:29:in `call'
actionpack (5.2.1) lib/action_dispatch/middleware/executor.rb:14:in `call'
actionpack (5.2.1) lib/action_dispatch/middleware/static.rb:127:in `call'
rack (2.0.6) lib/rack/sendfile.rb:111:in `call'
railties (5.2.1) lib/rails/engine.rb:524:in `call'
puma (3.12.0) lib/puma/configuration.rb:225:in `call'
puma (3.12.0) lib/puma/server.rb:658:in `handle_request'
puma (3.12.0) lib/puma/server.rb:472:in `process_client'
puma (3.12.0) lib/puma/server.rb:332:in `block in run'
puma (3.12.0) lib/puma/thread_pool.rb:133:in `block in spawn_thread'
Started GET "/posts" for 127.0.0.1 at 2018-11-13 18:42:55 +0700
Processing by PostsController#index as HTML
  Rendering posts/index.html.erb within layouts/application
  [1m[36mPost Load (0.7ms)[0m  [1m[34mSELECT "posts".* FROM "posts"[0m
  ↳ app/views/posts/index.html.erb:15
  Rendered posts/index.html.erb within layouts/application (4.6ms)
Completed 200 OK in 66ms (Views: 61.0ms | ActiveRecord: 0.7ms)


Started GET "/posts/new" for 127.0.0.1 at 2018-11-13 18:42:57 +0700
Processing by PostsController#new as HTML
  Rendering posts/new.html.erb within layouts/application
  Rendered posts/_form.html.erb (9.5ms)
  Rendered posts/new.html.erb within layouts/application (14.0ms)
Completed 200 OK in 92ms (Views: 89.0ms | ActiveRecord: 0.0ms)


Started POST "/posts" for 127.0.0.1 at 2018-11-13 18:42:59 +0700
Processing by PostsController#create as HTML
  Parameters: {"utf8"=>"✓", "authenticity_token"=>"afnX6ehp82y1SgnuvtBtD8zqLAaSIF5KsGNZR34cdUcJ4zGDSF00hgfMUkpq2y3QcPH3351WQ7mDJa/RqelgKA==", "post"=>{"title"=>"", "text"=>""}, "commit"=>"Create Post"}
  [1m[35m (0.4ms)[0m  [1m[35mBEGIN[0m
  ↳ app/controllers/posts_controller.rb:30
  [1m[36mPost Create (1.8ms)[0m  [1m[32mINSERT INTO "posts" ("title", "text", "created_at", "updated_at") VALUES ($1, $2, $3, $4) RETURNING "id"[0m  [["title", ""], ["text", ""], ["created_at", "2018-11-13 11:42:59.332713"], ["updated_at", "2018-11-13 11:42:59.332713"]]
  ↳ app/controllers/posts_controller.rb:30
  [1m[35m (50.5ms)[0m  [1m[35mCOMMIT[0m
  ↳ app/controllers/posts_controller.rb:30
Redirected to http://localhost:3000/posts/1
Completed 302 Found in 69ms (ActiveRecord: 52.6ms)


Started GET "/posts/1" for 127.0.0.1 at 2018-11-13 18:42:59 +0700
Processing by PostsController#show as HTML
  Parameters: {"id"=>"1"}
  [1m[36mPost Load (1.0ms)[0m  [1m[34mSELECT  "posts".* FROM "posts" WHERE "posts"."id" = $1 LIMIT $2[0m  [["id", 1], ["LIMIT", 1]]
  ↳ app/controllers/posts_controller.rb:67
  Rendering posts/show.html.erb within layouts/application
  Rendered posts/show.html.erb within layouts/application (2.7ms)
Completed 200 OK in 79ms (Views: 51.2ms | ActiveRecord: 1.6ms)


Started GET "/posts/1/edit" for 127.0.0.1 at 2018-11-13 18:43:04 +0700
Processing by PostsController#edit as HTML
  Parameters: {"id"=>"1"}
  [1m[36mPost Load (0.9ms)[0m  [1m[34mSELECT  "posts".* FROM "posts" WHERE "posts"."id" = $1 LIMIT $2[0m  [["id", 1], ["LIMIT", 1]]
  ↳ app/controllers/posts_controller.rb:67
  Rendering posts/edit.html.erb within layouts/application
  Rendered posts/_form.html.erb (7.9ms)
  Rendered posts/edit.html.erb within layouts/application (11.4ms)
Completed 200 OK in 77ms (Views: 69.8ms | ActiveRecord: 0.9ms)


Started PATCH "/posts/1" for 127.0.0.1 at 2018-11-13 18:43:10 +0700
Processing by PostsController#update as HTML
  Parameters: {"utf8"=>"✓", "authenticity_token"=>"Pc1Q2hGs3mDE7u2HSbKuSRSfERf9JHzi0oywBxmex1CVoPOCNgoNfkN0S2YKviVEIDBcj3LqkUFbO+ncazi7VQ==", "post"=>{"title"=>"saya", "text"=>"saya"}, "commit"=>"Update Post", "id"=>"1"}
  [1m[36mPost Load (0.9ms)[0m  [1m[34mSELECT  "posts".* FROM "posts" WHERE "posts"."id" = $1 LIMIT $2[0m  [["id", 1], ["LIMIT", 1]]
  ↳ app/controllers/posts_controller.rb:67
  [1m[35m (0.9ms)[0m  [1m[35mBEGIN[0m
  ↳ app/controllers/posts_controller.rb:44
  [1m[36mPost Update (1.0ms)[0m  [1m[33mUPDATE "posts" SET "title" = $1, "text" = $2, "updated_at" = $3 WHERE "posts"."id" = $4[0m  [["title", "saya"], ["text", "saya"], ["updated_at", "2018-11-13 11:43:10.383671"], ["id", 1]]
  ↳ app/controllers/posts_controller.rb:44
  [1m[35m (35.6ms)[0m  [1m[35mCOMMIT[0m
  ↳ app/controllers/posts_controller.rb:44
Redirected to http://localhost:3000/posts/1
Completed 302 Found in 54ms (ActiveRecord: 38.4ms)


Started GET "/posts/1" for 127.0.0.1 at 2018-11-13 18:43:10 +0700
Processing by PostsController#show as HTML
  Parameters: {"id"=>"1"}
  [1m[36mPost Load (0.8ms)[0m  [1m[34mSELECT  "posts".* FROM "posts" WHERE "posts"."id" = $1 LIMIT $2[0m  [["id", 1], ["LIMIT", 1]]
  ↳ app/controllers/posts_controller.rb:67
  Rendering posts/show.html.erb within layouts/application
  Rendered posts/show.html.erb within layouts/application (2.0ms)
Completed 200 OK in 57ms (Views: 51.1ms | ActiveRecord: 0.8ms)


Started GET "/posts" for 127.0.0.1 at 2018-11-13 18:43:18 +0700
Processing by PostsController#index as HTML
  Rendering posts/index.html.erb within layouts/application
  [1m[36mPost Load (0.8ms)[0m  [1m[34mSELECT "posts".* FROM "posts"[0m
  ↳ app/views/posts/index.html.erb:15
  Rendered posts/index.html.erb within layouts/application (5.3ms)
Completed 200 OK in 64ms (Views: 60.9ms | ActiveRecord: 0.8ms)


Started DELETE "/posts/1" for 127.0.0.1 at 2018-11-13 18:43:24 +0700
Processing by PostsController#destroy as HTML
  Parameters: {"authenticity_token"=>"YLVlTqJC3kuagSe5CGAi8YIKvRKEUvL1/uMNzMPt4GQd+iwruQ+w4UbOjSIvVlKbo1H2PGwB7goa+zosq3tlCQ==", "id"=>"1"}
  [1m[36mPost Load (0.8ms)[0m  [1m[34mSELECT  "posts".* FROM "posts" WHERE "posts"."id" = $1 LIMIT $2[0m  [["id", 1], ["LIMIT", 1]]
  ↳ app/controllers/posts_controller.rb:67
  [1m[35m (1.3ms)[0m  [1m[35mBEGIN[0m
  ↳ app/controllers/posts_controller.rb:57
  [1m[36mPost Destroy (1.1ms)[0m  [1m[31mDELETE FROM "posts" WHERE "posts"."id" = $1[0m  [["id", 1]]
  ↳ app/controllers/posts_controller.rb:57
  [1m[35m (49.7ms)[0m  [1m[35mCOMMIT[0m
  ↳ app/controllers/posts_controller.rb:57
Redirected to http://localhost:3000/posts
Completed 302 Found in 64ms (ActiveRecord: 52.9ms)


Started GET "/posts" for 127.0.0.1 at 2018-11-13 18:43:24 +0700
Processing by PostsController#index as HTML
  Rendering posts/index.html.erb within layouts/application
  [1m[36mPost Load (0.7ms)[0m  [1m[34mSELECT "posts".* FROM "posts"[0m
  ↳ app/views/posts/index.html.erb:15
  Rendered posts/index.html.erb within layouts/application (4.8ms)
Completed 200 OK in 55ms (Views: 52.3ms | ActiveRecord: 0.7ms)


Started GET "/posts/new" for 127.0.0.1 at 2018-11-13 18:43:26 +0700
Processing by PostsController#new as HTML
  Rendering posts/new.html.erb within layouts/application
  Rendered posts/_form.html.erb (5.1ms)
  Rendered posts/new.html.erb within layouts/application (8.1ms)
Completed 200 OK in 73ms (Views: 69.3ms | ActiveRecord: 0.0ms)


Started POST "/posts" for 127.0.0.1 at 2018-11-13 18:43:42 +0700
Processing by PostsController#create as HTML
  Parameters: {"utf8"=>"✓", "authenticity_token"=>"q5I2/YrznLKTu0/bfqb4IYdvACws8Agprey/W6vJSmrLiNCXKsdbWCE9FH+qrbj+O3Tb9SOGFdqeqknNfDxfBQ==", "post"=>{"title"=>"post pertama", "text"=>"post pertama saya"}, "commit"=>"Create Post"}
  [1m[35m (0.5ms)[0m  [1m[35mBEGIN[0m
  ↳ app/controllers/posts_controller.rb:30
  [1m[36mPost Create (1.4ms)[0m  [1m[32mINSERT INTO "posts" ("title", "text", "created_at", "updated_at") VALUES ($1, $2, $3, $4) RETURNING "id"[0m  [["title", "post pertama"], ["text", "post pertama saya"], ["created_at", "2018-11-13 11:43:42.227033"], ["updated_at", "2018-11-13 11:43:42.227033"]]
  ↳ app/controllers/posts_controller.rb:30
  [1m[35m (47.5ms)[0m  [1m[35mCOMMIT[0m
  ↳ app/controllers/posts_controller.rb:30
Redirected to http://localhost:3000/posts/2
Completed 302 Found in 59ms (ActiveRecord: 49.4ms)


Started GET "/posts/2" for 127.0.0.1 at 2018-11-13 18:43:42 +0700
Processing by PostsController#show as HTML
  Parameters: {"id"=>"2"}
  [1m[36mPost Load (0.8ms)[0m  [1m[34mSELECT  "posts".* FROM "posts" WHERE "posts"."id" = $1 LIMIT $2[0m  [["id", 2], ["LIMIT", 1]]
  ↳ app/controllers/posts_controller.rb:67
  Rendering posts/show.html.erb within layouts/application
  Rendered posts/show.html.erb within layouts/application (1.6ms)
Completed 200 OK in 58ms (Views: 52.3ms | ActiveRecord: 0.8ms)


Started GET "/posts/2" for 127.0.0.1 at 2018-11-13 18:48:05 +0700
Processing by PostsController#show as HTML
  Parameters: {"id"=>"2"}
  [1m[36mPost Load (0.6ms)[0m  [1m[34mSELECT  "posts".* FROM "posts" WHERE "posts"."id" = $1 LIMIT $2[0m  [["id", 2], ["LIMIT", 1]]
  ↳ app/controllers/posts_controller.rb:67
  Rendering posts/show.html.erb within layouts/application
  Rendered posts/show.html.erb within layouts/application (1.9ms)
Completed 200 OK in 73ms (Views: 68.1ms | ActiveRecord: 0.6ms)


Started GET "/" for 127.0.0.1 at 2018-11-13 18:48:14 +0700
Processing by Rails::WelcomeController#index as HTML
  Rendering /home/rauf/.rbenv/versions/2.5.3/lib/ruby/gems/2.5.0/gems/railties-5.2.1/lib/rails/templates/rails/welcome/index.html.erb
  Rendered /home/rauf/.rbenv/versions/2.5.3/lib/ruby/gems/2.5.0/gems/railties-5.2.1/lib/rails/templates/rails/welcome/index.html.erb (4.8ms)
Completed 200 OK in 13ms (Views: 8.1ms | ActiveRecord: 0.0ms)


Started GET "/posts" for 127.0.0.1 at 2018-11-13 18:48:18 +0700
Processing by PostsController#index as HTML
  Rendering posts/index.html.erb within layouts/application
  Rendered posts/index.html.erb within layouts/application (7.5ms)
Completed 500 Internal Server Error in 21ms (ActiveRecord: 0.0ms)


  
ActionView::Template::Error (undefined method `each' for nil:NilClass):
    1: <h1>Welcome to My Blog Tugas</h1>
    2: <% @post.each  do |post| %>
    3:   <h2><%= post.title %></h2>
    4:   <p>
    5:     <%= truncate post.text %>
  
app/views/posts/index.html.erb:2:in `_app_views_posts_index_html_erb___837234441863967536_69962702959260'
Started GET "/posts" for 127.0.0.1 at 2018-11-13 18:48:39 +0700
Processing by PostsController#index as HTML
  Rendering posts/index.html.erb within layouts/application
  [1m[36mPost Load (1.2ms)[0m  [1m[34mSELECT "posts".* FROM "posts"[0m
  ↳ app/views/posts/index.html.erb:2
  Rendered posts/index.html.erb within layouts/application (7.2ms)
Completed 200 OK in 90ms (Views: 86.5ms | ActiveRecord: 1.2ms)


Started GET "/posts" for 127.0.0.1 at 2018-11-13 18:49:48 +0700
Processing by PostsController#index as HTML
  Rendering posts/index.html.erb within layouts/application
  [1m[36mPost Load (1.1ms)[0m  [1m[34mSELECT "posts".* FROM "posts"[0m
  ↳ app/views/posts/index.html.erb:2
  Rendered posts/index.html.erb within layouts/application (6.2ms)
Completed 200 OK in 80ms (Views: 75.0ms | ActiveRecord: 1.1ms)


Started GET "/posts/2" for 127.0.0.1 at 2018-11-13 18:49:51 +0700
Processing by PostsController#show as HTML
  Parameters: {"id"=>"2"}
  [1m[36mPost Load (1.7ms)[0m  [1m[34mSELECT  "posts".* FROM "posts" WHERE "posts"."id" = $1 LIMIT $2[0m  [["id", 2], ["LIMIT", 1]]
  ↳ app/controllers/posts_controller.rb:67
  Rendering posts/show.html.erb within layouts/application
  Rendered posts/show.html.erb within layouts/application (1.9ms)
Completed 200 OK in 65ms (Views: 58.1ms | ActiveRecord: 1.7ms)


Started GET "/posts/2" for 127.0.0.1 at 2018-11-13 18:51:00 +0700
Processing by PostsController#show as HTML
  Parameters: {"id"=>"2"}
  [1m[36mPost Load (0.7ms)[0m  [1m[34mSELECT  "posts".* FROM "posts" WHERE "posts"."id" = $1 LIMIT $2[0m  [["id", 2], ["LIMIT", 1]]
  ↳ app/controllers/posts_controller.rb:67
  Rendering posts/show.html.erb within layouts/application
  Rendered posts/show.html.erb within layouts/application (1.8ms)
Completed 200 OK in 56ms (Views: 50.9ms | ActiveRecord: 0.7ms)


Started GET "/posts" for 127.0.0.1 at 2018-11-13 18:51:04 +0700
Processing by PostsController#index as HTML
  Rendering posts/index.html.erb within layouts/application
  [1m[36mPost Load (0.9ms)[0m  [1m[34mSELECT "posts".* FROM "posts"[0m
  ↳ app/views/posts/index.html.erb:2
  Rendered posts/index.html.erb within layouts/application (5.4ms)
Completed 200 OK in 64ms (Views: 59.9ms | ActiveRecord: 0.9ms)


Started GET "/posts/2" for 127.0.0.1 at 2018-11-13 18:51:05 +0700
Processing by PostsController#show as HTML
  Parameters: {"id"=>"2"}
  [1m[36mPost Load (0.6ms)[0m  [1m[34mSELECT  "posts".* FROM "posts" WHERE "posts"."id" = $1 LIMIT $2[0m  [["id", 2], ["LIMIT", 1]]
  ↳ app/controllers/posts_controller.rb:67
  Rendering posts/show.html.erb within layouts/application
  Rendered posts/show.html.erb within layouts/application (2.3ms)
Completed 200 OK in 58ms (Views: 52.9ms | ActiveRecord: 0.6ms)


Started GET "/posts" for 127.0.0.1 at 2018-11-13 18:51:07 +0700
Processing by PostsController#index as HTML
  Rendering posts/index.html.erb within layouts/application
  [1m[36mPost Load (1.5ms)[0m  [1m[34mSELECT "posts".* FROM "posts"[0m
  ↳ app/views/posts/index.html.erb:2
  Rendered posts/index.html.erb within layouts/application (5.4ms)
Completed 200 OK in 65ms (Views: 61.3ms | ActiveRecord: 1.5ms)


Started GET "/posts" for 127.0.0.1 at 2018-11-13 18:51:08 +0700
Processing by PostsController#index as HTML
  Rendering posts/index.html.erb within layouts/application
  [1m[36mPost Load (1.3ms)[0m  [1m[34mSELECT "posts".* FROM "posts"[0m
  ↳ app/views/posts/index.html.erb:2
  Rendered posts/index.html.erb within layouts/application (5.9ms)
Completed 200 OK in 62ms (Views: 56.3ms | ActiveRecord: 1.3ms)


Started GET "/posts" for 127.0.0.1 at 2018-11-13 18:51:38 +0700
Processing by PostsController#index as HTML
  Rendering posts/index.html.erb within layouts/application
  [1m[36mPost Load (1.1ms)[0m  [1m[34mSELECT "posts".* FROM "posts"[0m
  ↳ app/views/posts/index.html.erb:2
  Rendered posts/index.html.erb within layouts/application (7.5ms)
Completed 200 OK in 85ms (Views: 80.6ms | ActiveRecord: 1.1ms)


Started GET "/posts" for 127.0.0.1 at 2018-11-13 18:54:01 +0700
Processing by PostsController#index as HTML
  Rendering posts/index.html.erb within layouts/application
  [1m[36mPost Load (1.3ms)[0m  [1m[34mSELECT "posts".* FROM "posts"[0m
  ↳ app/views/posts/index.html.erb:2
  Rendered posts/index.html.erb within layouts/application (6.5ms)
Completed 200 OK in 63ms (Views: 59.4ms | ActiveRecord: 1.3ms)


Started GET "/posts" for 127.0.0.1 at 2018-11-13 18:54:12 +0700
Processing by PostsController#index as HTML
  Rendering posts/index.html.erb within layouts/application
  [1m[36mPost Load (1.7ms)[0m  [1m[34mSELECT "posts".* FROM "posts"[0m
  ↳ app/views/posts/index.html.erb:2
  Rendered posts/index.html.erb within layouts/application (6.9ms)
Completed 200 OK in 76ms (Views: 70.8ms | ActiveRecord: 1.7ms)


Started GET "/posts/new" for 127.0.0.1 at 2018-11-13 18:54:16 +0700
Processing by PostsController#new as HTML
  Rendering posts/new.html.erb within layouts/application
  Rendered posts/_form.html.erb (6.2ms)
  Rendered posts/new.html.erb within layouts/application (10.3ms)
Completed 200 OK in 67ms (Views: 64.1ms | ActiveRecord: 0.0ms)


Started GET "/posts" for 127.0.0.1 at 2018-11-13 18:54:32 +0700
Processing by PostsController#index as HTML
  Rendering posts/index.html.erb within layouts/application
  [1m[36mPost Load (0.9ms)[0m  [1m[34mSELECT "posts".* FROM "posts"[0m
  ↳ app/views/posts/index.html.erb:2
  Rendered posts/index.html.erb within layouts/application (5.6ms)
Completed 200 OK in 64ms (Views: 60.3ms | ActiveRecord: 0.9ms)


Started GET "/posts/new" for 127.0.0.1 at 2018-11-13 18:54:35 +0700
Processing by PostsController#new as HTML
  Rendering posts/new.html.erb within layouts/application
  Rendered posts/_form.html.erb (6.2ms)
  Rendered posts/new.html.erb within layouts/application (9.6ms)
Completed 200 OK in 65ms (Views: 61.7ms | ActiveRecord: 0.0ms)


Started POST "/posts" for 127.0.0.1 at 2018-11-13 18:54:51 +0700
Processing by PostsController#create as HTML
  Parameters: {"utf8"=>"✓", "authenticity_token"=>"wL7KO4HcLWu7HuUmyzFVw0LskKKw/HT0t7cCIC9EPwmgpCxRIejqgQmYvoIfOhUc/vdLe7+KaQeE8fS2+LEqZg==", "post"=>{"title"=>"Post kedua", "text"=>"ini post kedua"}, "commit"=>"Create Post"}
  [1m[35m (1.2ms)[0m  [1m[35mBEGIN[0m
  ↳ app/controllers/posts_controller.rb:30
  [1m[36mPost Create (1.3ms)[0m  [1m[32mINSERT INTO "posts" ("title", "text", "created_at", "updated_at") VALUES ($1, $2, $3, $4) RETURNING "id"[0m  [["title", "Post kedua"], ["text", "ini post kedua"], ["created_at", "2018-11-13 11:54:51.112222"], ["updated_at", "2018-11-13 11:54:51.112222"]]
  ↳ app/controllers/posts_controller.rb:30
  [1m[35m (54.7ms)[0m  [1m[35mCOMMIT[0m
  ↳ app/controllers/posts_controller.rb:30
Redirected to http://localhost:3000/posts/3
Completed 302 Found in 70ms (ActiveRecord: 57.2ms)


Started GET "/posts/3" for 127.0.0.1 at 2018-11-13 18:54:51 +0700
Processing by PostsController#show as HTML
  Parameters: {"id"=>"3"}
  [1m[36mPost Load (0.9ms)[0m  [1m[34mSELECT  "posts".* FROM "posts" WHERE "posts"."id" = $1 LIMIT $2[0m  [["id", 3], ["LIMIT", 1]]
  ↳ app/controllers/posts_controller.rb:67
  Rendering posts/show.html.erb within layouts/application
  Rendered posts/show.html.erb within layouts/application (2.8ms)
Completed 200 OK in 59ms (Views: 52.7ms | ActiveRecord: 0.9ms)


Started GET "/posts" for 127.0.0.1 at 2018-11-13 18:54:54 +0700
Processing by PostsController#index as HTML
  Rendering posts/index.html.erb within layouts/application
  [1m[36mPost Load (1.0ms)[0m  [1m[34mSELECT "posts".* FROM "posts"[0m
  ↳ app/views/posts/index.html.erb:2
  Rendered posts/index.html.erb within layouts/application (6.9ms)
Completed 200 OK in 64ms (Views: 60.2ms | ActiveRecord: 1.0ms)


Started GET "/posts/3" for 127.0.0.1 at 2018-11-13 18:59:53 +0700
Processing by PostsController#show as HTML
  Parameters: {"id"=>"3"}
  [1m[36mPost Load (0.6ms)[0m  [1m[34mSELECT  "posts".* FROM "posts" WHERE "posts"."id" = $1 LIMIT $2[0m  [["id", 3], ["LIMIT", 1]]
  ↳ app/controllers/posts_controller.rb:67
  Rendering posts/show.html.erb within layouts/application
  Rendered posts/show.html.erb within layouts/application (385.7ms)
Completed 500 Internal Server Error in 396ms (ActiveRecord: 0.6ms)


  
ActionView::Template::Error (undefined method `to' for #<#<Class:0x00007f42f40d2b48>:0x00007f42f53d45e8>
Did you mean?  t):
    3: <%= @post.text %>
    4: 
    5: <p>
    6: <%= link to "Back", posts_path %>  
    7: |
    8: <%= link to "Edit", edit_post_path(@post) %>
    9: |
  
app/views/posts/show.html.erb:6:in `_app_views_posts_show_html_erb__2095246221556886392_69962779504200'
Started GET "/posts" for 127.0.0.1 at 2018-11-13 19:00:01 +0700
Processing by PostsController#index as HTML
  Rendering posts/index.html.erb within layouts/application
  [1m[36mPost Load (3.2ms)[0m  [1m[34mSELECT "posts".* FROM "posts"[0m
  ↳ app/views/posts/index.html.erb:2
  Rendered posts/index.html.erb within layouts/application (10.6ms)
Completed 200 OK in 70ms (Views: 64.0ms | ActiveRecord: 3.2ms)


Started GET "/posts/3" for 127.0.0.1 at 2018-11-13 19:00:04 +0700
Processing by PostsController#show as HTML
  Parameters: {"id"=>"3"}
  [1m[36mPost Load (0.6ms)[0m  [1m[34mSELECT  "posts".* FROM "posts" WHERE "posts"."id" = $1 LIMIT $2[0m  [["id", 3], ["LIMIT", 1]]
  ↳ app/controllers/posts_controller.rb:67
  Rendering posts/show.html.erb within layouts/application
  Rendered posts/show.html.erb within layouts/application (364.3ms)
Completed 500 Internal Server Error in 375ms (ActiveRecord: 0.6ms)


  
ActionView::Template::Error (undefined method `to' for #<#<Class:0x00007f42f40d2b48>:0x0000563a3e952ad0>
Did you mean?  t):
    3: <%= @post.text %>
    4: 
    5: <p>
    6: <%= link to "Back", posts_path %>  
    7: |
    8: <%= link to "Edit", edit_post_path(@post) %>
    9: |
  
app/views/posts/show.html.erb:6:in `_app_views_posts_show_html_erb__2095246221556886392_47404079094560'
Started GET "/posts/3" for 127.0.0.1 at 2018-11-13 19:01:22 +0700
Processing by PostsController#show as HTML
  Parameters: {"id"=>"3"}
  [1m[36mPost Load (0.7ms)[0m  [1m[34mSELECT  "posts".* FROM "posts" WHERE "posts"."id" = $1 LIMIT $2[0m  [["id", 3], ["LIMIT", 1]]
  ↳ app/controllers/posts_controller.rb:67
  Rendering posts/show.html.erb within layouts/application
  Rendered posts/show.html.erb within layouts/application (2.5ms)
Completed 200 OK in 61ms (Views: 56.3ms | ActiveRecord: 0.7ms)


Started GET "/posts/3" for 127.0.0.1 at 2018-11-13 19:01:29 +0700
Processing by PostsController#show as HTML
  Parameters: {"id"=>"3"}
  [1m[36mPost Load (0.6ms)[0m  [1m[34mSELECT  "posts".* FROM "posts" WHERE "posts"."id" = $1 LIMIT $2[0m  [["id", 3], ["LIMIT", 1]]
  ↳ app/controllers/posts_controller.rb:67
  Rendering posts/show.html.erb within layouts/application
  Rendered posts/show.html.erb within layouts/application (2.3ms)
Completed 200 OK in 60ms (Views: 55.0ms | ActiveRecord: 0.6ms)


Started GET "/posts" for 127.0.0.1 at 2018-11-13 19:01:32 +0700
Processing by PostsController#index as HTML
  Rendering posts/index.html.erb within layouts/application
  [1m[36mPost Load (0.7ms)[0m  [1m[34mSELECT "posts".* FROM "posts"[0m
  ↳ app/views/posts/index.html.erb:2
  Rendered posts/index.html.erb within layouts/application (6.3ms)
Completed 200 OK in 71ms (Views: 67.7ms | ActiveRecord: 0.7ms)


Started GET "/posts/3" for 127.0.0.1 at 2018-11-13 19:01:34 +0700
Processing by PostsController#show as HTML
  Parameters: {"id"=>"3"}
  [1m[36mPost Load (0.7ms)[0m  [1m[34mSELECT  "posts".* FROM "posts" WHERE "posts"."id" = $1 LIMIT $2[0m  [["id", 3], ["LIMIT", 1]]
  ↳ app/controllers/posts_controller.rb:67
  Rendering posts/show.html.erb within layouts/application
  Rendered posts/show.html.erb within layouts/application (2.4ms)
Completed 200 OK in 111ms (Views: 104.9ms | ActiveRecord: 0.7ms)


Started GET "/posts/3/edit" for 127.0.0.1 at 2018-11-13 19:01:35 +0700
Processing by PostsController#edit as HTML
  Parameters: {"id"=>"3"}
  [1m[36mPost Load (1.4ms)[0m  [1m[34mSELECT  "posts".* FROM "posts" WHERE "posts"."id" = $1 LIMIT $2[0m  [["id", 3], ["LIMIT", 1]]
  ↳ app/controllers/posts_controller.rb:67
  Rendering posts/edit.html.erb within layouts/application
  Rendered posts/_form.html.erb (8.4ms)
  Rendered posts/edit.html.erb within layouts/application (12.9ms)
Completed 200 OK in 100ms (Views: 93.9ms | ActiveRecord: 1.4ms)


Started GET "/posts/3" for 127.0.0.1 at 2018-11-13 19:01:39 +0700
Processing by PostsController#show as HTML
  Parameters: {"id"=>"3"}
  [1m[36mPost Load (0.7ms)[0m  [1m[34mSELECT  "posts".* FROM "posts" WHERE "posts"."id" = $1 LIMIT $2[0m  [["id", 3], ["LIMIT", 1]]
  ↳ app/controllers/posts_controller.rb:67
  Rendering posts/show.html.erb within layouts/application
  Rendered posts/show.html.erb within layouts/application (2.8ms)
Completed 200 OK in 87ms (Views: 81.4ms | ActiveRecord: 0.7ms)


Started GET "/posts" for 127.0.0.1 at 2018-11-13 19:01:41 +0700
Processing by PostsController#index as HTML
  Rendering posts/index.html.erb within layouts/application
  [1m[36mPost Load (0.9ms)[0m  [1m[34mSELECT "posts".* FROM "posts"[0m
  ↳ app/views/posts/index.html.erb:2
  Rendered posts/index.html.erb within layouts/application (7.7ms)
Completed 200 OK in 91ms (Views: 87.5ms | ActiveRecord: 0.9ms)


Started GET "/posts" for 127.0.0.1 at 2018-11-13 19:06:03 +0700
Processing by PostsController#index as HTML
  Rendering posts/index.html.erb within layouts/application
  [1m[36mPost Load (1.0ms)[0m  [1m[34mSELECT "posts".* FROM "posts"[0m
  ↳ app/views/posts/index.html.erb:2
  Rendered posts/index.html.erb within layouts/application (8.6ms)
Completed 200 OK in 106ms (Views: 100.5ms | ActiveRecord: 1.0ms)


Started GET "/posts/2" for 127.0.0.1 at 2018-11-13 19:06:06 +0700
Processing by PostsController#show as HTML
  Parameters: {"id"=>"2"}
  [1m[36mPost Load (0.9ms)[0m  [1m[34mSELECT  "posts".* FROM "posts" WHERE "posts"."id" = $1 LIMIT $2[0m  [["id", 2], ["LIMIT", 1]]
  ↳ app/controllers/posts_controller.rb:67
  Rendering posts/show.html.erb within layouts/application
  Rendered posts/show.html.erb within layouts/application (2.2ms)
Completed 200 OK in 66ms (Views: 58.1ms | ActiveRecord: 0.9ms)


Started GET "/posts" for 127.0.0.1 at 2018-11-13 19:06:09 +0700
Processing by PostsController#index as HTML
  Rendering posts/index.html.erb within layouts/application
  [1m[36mPost Load (1.1ms)[0m  [1m[34mSELECT "posts".* FROM "posts"[0m
  ↳ app/views/posts/index.html.erb:2
  Rendered posts/index.html.erb within layouts/application (7.0ms)
Completed 200 OK in 62ms (Views: 57.9ms | ActiveRecord: 1.1ms)


Started GET "/posts/2" for 127.0.0.1 at 2018-11-13 20:08:42 +0700
Processing by PostsController#show as HTML
  Parameters: {"id"=>"2"}
  [1m[36mPost Load (1.6ms)[0m  [1m[34mSELECT  "posts".* FROM "posts" WHERE "posts"."id" = $1 LIMIT $2[0m  [["id", 2], ["LIMIT", 1]]
  ↳ app/controllers/posts_controller.rb:67
  Rendering posts/show.html.erb within layouts/application
  Rendered posts/show.html.erb within layouts/application (20.0ms)
Completed 500 Internal Server Error in 81ms (ActiveRecord: 24.1ms)


  
ActionView::Template::Error (undefined method `comments' for #<Post:0x00007f42f5803740>
Did you mean?  committed!):
    4: 
    5: <h2>Comments</h2>
    6: 
    7: <% @post.comments.each do |comment| %>
    8: 	<p><%= comment.text %></p>
    9: 	<p><%= time_ago_in_words comment.created %> ago </p>
   10: <% end %>
  
app/views/posts/show.html.erb:7:in `_app_views_posts_show_html_erb__2095246221556886392_69962781692040'
Started GET "/posts" for 127.0.0.1 at 2018-11-13 20:08:48 +0700
Processing by PostsController#index as HTML
  Rendering posts/index.html.erb within layouts/application
  [1m[36mPost Load (1.1ms)[0m  [1m[34mSELECT "posts".* FROM "posts"[0m
  ↳ app/views/posts/index.html.erb:2
  Rendered posts/index.html.erb within layouts/application (9.3ms)
Completed 200 OK in 72ms (Views: 67.7ms | ActiveRecord: 1.1ms)


Started GET "/posts/2" for 127.0.0.1 at 2018-11-13 20:08:52 +0700
Processing by PostsController#show as HTML
  Parameters: {"id"=>"2"}
  [1m[36mPost Load (0.8ms)[0m  [1m[34mSELECT  "posts".* FROM "posts" WHERE "posts"."id" = $1 LIMIT $2[0m  [["id", 2], ["LIMIT", 1]]
  ↳ app/controllers/posts_controller.rb:67
  Rendering posts/show.html.erb within layouts/application
  Rendered posts/show.html.erb within layouts/application (26.0ms)
Completed 500 Internal Server Error in 39ms (ActiveRecord: 0.8ms)


  
ActionView::Template::Error (undefined method `comments' for #<Post:0x00007f42f007a258>
Did you mean?  committed!):
    4: 
    5: <h2>Comments</h2>
    6: 
    7: <% @post.comments.each do |comment| %>
    8: 	<p><%= comment.text %></p>
    9: 	<p><%= time_ago_in_words comment.created %> ago </p>
   10: <% end %>
  
app/views/posts/show.html.erb:7:in `_app_views_posts_show_html_erb__2095246221556886392_69962735797920'
Started GET "/posts/2" for 127.0.0.1 at 2018-11-13 20:09:29 +0700
Processing by PostsController#show as HTML
  Parameters: {"id"=>"2"}
  [1m[36mPost Load (0.7ms)[0m  [1m[34mSELECT  "posts".* FROM "posts" WHERE "posts"."id" = $1 LIMIT $2[0m  [["id", 2], ["LIMIT", 1]]
  ↳ app/controllers/posts_controller.rb:67
  Rendering posts/show.html.erb within layouts/application
  Rendered posts/show.html.erb within layouts/application (2.7ms)
Completed 200 OK in 61ms (Views: 55.6ms | ActiveRecord: 0.7ms)


Started GET "/posts" for 127.0.0.1 at 2018-11-13 20:09:32 +0700
Processing by PostsController#index as HTML
  Rendering posts/index.html.erb within layouts/application
  [1m[36mPost Load (0.8ms)[0m  [1m[34mSELECT "posts".* FROM "posts"[0m
  ↳ app/views/posts/index.html.erb:2
  Rendered posts/index.html.erb within layouts/application (5.8ms)
Completed 200 OK in 63ms (Views: 59.0ms | ActiveRecord: 0.8ms)


Started GET "/posts/2" for 127.0.0.1 at 2018-11-13 20:09:44 +0700
Processing by PostsController#show as HTML
  Parameters: {"id"=>"2"}
  [1m[36mPost Load (0.7ms)[0m  [1m[34mSELECT  "posts".* FROM "posts" WHERE "posts"."id" = $1 LIMIT $2[0m  [["id", 2], ["LIMIT", 1]]
  ↳ app/controllers/posts_controller.rb:67
  Rendering posts/show.html.erb within layouts/application
  Rendered posts/show.html.erb within layouts/application (2.3ms)
Completed 200 OK in 65ms (Views: 59.8ms | ActiveRecord: 0.7ms)


Started DELETE "/posts/2" for 127.0.0.1 at 2018-11-13 20:09:46 +0700
Processing by PostsController#destroy as HTML
  Parameters: {"authenticity_token"=>"GvV85T+etVokrZu6RvLNRMTWCuhZaLG8bNShqaDcytNnujWAJNPb8PjiMSFhxL0u5Y1BxrE7rUOIzJZJyEpPvg==", "id"=>"2"}
  [1m[36mPost Load (1.0ms)[0m  [1m[34mSELECT  "posts".* FROM "posts" WHERE "posts"."id" = $1 LIMIT $2[0m  [["id", 2], ["LIMIT", 1]]
  ↳ app/controllers/posts_controller.rb:67
  [1m[35m (0.4ms)[0m  [1m[35mBEGIN[0m
  ↳ app/controllers/posts_controller.rb:57
  [1m[36mPost Destroy (0.8ms)[0m  [1m[31mDELETE FROM "posts" WHERE "posts"."id" = $1[0m  [["id", 2]]
  ↳ app/controllers/posts_controller.rb:57
  [1m[35m (52.3ms)[0m  [1m[35mCOMMIT[0m
  ↳ app/controllers/posts_controller.rb:57
Redirected to http://localhost:3000/posts
Completed 302 Found in 64ms (ActiveRecord: 54.5ms)


Started GET "/posts" for 127.0.0.1 at 2018-11-13 20:09:46 +0700
Processing by PostsController#index as HTML
  Rendering posts/index.html.erb within layouts/application
  [1m[36mPost Load (0.9ms)[0m  [1m[34mSELECT "posts".* FROM "posts"[0m
  ↳ app/views/posts/index.html.erb:2
  Rendered posts/index.html.erb within layouts/application (5.6ms)
Completed 200 OK in 60ms (Views: 56.4ms | ActiveRecord: 0.9ms)


Started GET "/posts/3" for 127.0.0.1 at 2018-11-13 20:09:49 +0700
Processing by PostsController#show as HTML
  Parameters: {"id"=>"3"}
  [1m[36mPost Load (0.7ms)[0m  [1m[34mSELECT  "posts".* FROM "posts" WHERE "posts"."id" = $1 LIMIT $2[0m  [["id", 3], ["LIMIT", 1]]
  ↳ app/controllers/posts_controller.rb:67
  Rendering posts/show.html.erb within layouts/application
  Rendered posts/show.html.erb within layouts/application (2.8ms)
Completed 200 OK in 63ms (Views: 57.9ms | ActiveRecord: 0.7ms)


Started DELETE "/posts/3" for 127.0.0.1 at 2018-11-13 20:09:51 +0700
Processing by PostsController#destroy as HTML
  Parameters: {"authenticity_token"=>"vdX5saEeGizVOmejTQSfoTQL/kyd+DI0uynzxsOAW8DAmrDUulN0hgl1zThqMu/LFVC1YnWrLstfMcQmqxberQ==", "id"=>"3"}
  [1m[36mPost Load (0.6ms)[0m  [1m[34mSELECT  "posts".* FROM "posts" WHERE "posts"."id" = $1 LIMIT $2[0m  [["id", 3], ["LIMIT", 1]]
  ↳ app/controllers/posts_controller.rb:67
  [1m[35m (0.4ms)[0m  [1m[35mBEGIN[0m
  ↳ app/controllers/posts_controller.rb:57
  [1m[36mPost Destroy (1.5ms)[0m  [1m[31mDELETE FROM "posts" WHERE "posts"."id" = $1[0m  [["id", 3]]
  ↳ app/controllers/posts_controller.rb:57
  [1m[35m (48.1ms)[0m  [1m[35mCOMMIT[0m
  ↳ app/controllers/posts_controller.rb:57
Redirected to http://localhost:3000/posts
Completed 302 Found in 60ms (ActiveRecord: 50.7ms)


Started GET "/posts" for 127.0.0.1 at 2018-11-13 20:09:51 +0700
Processing by PostsController#index as HTML
  Rendering posts/index.html.erb within layouts/application
  [1m[36mPost Load (0.8ms)[0m  [1m[34mSELECT "posts".* FROM "posts"[0m
  ↳ app/views/posts/index.html.erb:2
  Rendered posts/index.html.erb within layouts/application (4.2ms)
Completed 200 OK in 76ms (Views: 71.6ms | ActiveRecord: 0.8ms)


Started GET "/posts/new" for 127.0.0.1 at 2018-11-13 20:09:53 +0700
Processing by PostsController#new as HTML
  Rendering posts/new.html.erb within layouts/application
  Rendered posts/_form.html.erb (6.8ms)
  Rendered posts/new.html.erb within layouts/application (10.0ms)
Completed 200 OK in 72ms (Views: 68.1ms | ActiveRecord: 0.0ms)


Started POST "/posts" for 127.0.0.1 at 2018-11-13 20:10:51 +0700
Processing by PostsController#create as HTML
  Parameters: {"utf8"=>"✓", "authenticity_token"=>"cH15Sg6iS0hg0zxxsf96wn/Z918YSv1SJL16cyT3nK8QZ58grpaMotJVZ9Vl9Dodw8Ishhc84KEX+4zl8wKJwA==", "post"=>{"title"=>"First Blog", "text"=>"Lorem ipsum dolor sit amet, consectetur adipiscing elit, sed do eiusmod tempor incididunt ut labore et dolore magna aliqua. Ut enim ad minim veniam, quis nostrud exercitation ullamco laboris nisi ut aliquip ex ea commodo consequat. Duis aute irure dolor in reprehenderit in voluptate velit esse cillum dolore eu fugiat nulla pariatur. Excepteur sint occaecat cupidatat non proident, sunt in culpa qui officia deserunt mollit anim id est laborum."}, "commit"=>"Create Post"}
  [1m[35m (0.6ms)[0m  [1m[35mBEGIN[0m
  ↳ app/controllers/posts_controller.rb:30
  [1m[36mPost Create (2.6ms)[0m  [1m[32mINSERT INTO "posts" ("title", "text", "created_at", "updated_at") VALUES ($1, $2, $3, $4) RETURNING "id"[0m  [["title", "First Blog"], ["text", "Lorem ipsum dolor sit amet, consectetur adipiscing elit, sed do eiusmod tempor incididunt ut labore et dolore magna aliqua. Ut enim ad minim veniam, quis nostrud exercitation ullamco laboris nisi ut aliquip ex ea commodo consequat. Duis aute irure dolor in reprehenderit in voluptate velit esse cillum dolore eu fugiat nulla pariatur. Excepteur sint occaecat cupidatat non proident, sunt in culpa qui officia deserunt mollit anim id est laborum."], ["created_at", "2018-11-13 13:10:51.121217"], ["updated_at", "2018-11-13 13:10:51.121217"]]
  ↳ app/controllers/posts_controller.rb:30
  [1m[35m (56.0ms)[0m  [1m[35mCOMMIT[0m
  ↳ app/controllers/posts_controller.rb:30
Redirected to http://localhost:3000/posts/4
Completed 302 Found in 70ms (ActiveRecord: 59.2ms)


Started GET "/posts/4" for 127.0.0.1 at 2018-11-13 20:10:51 +0700
Processing by PostsController#show as HTML
  Parameters: {"id"=>"4"}
  [1m[36mPost Load (0.6ms)[0m  [1m[34mSELECT  "posts".* FROM "posts" WHERE "posts"."id" = $1 LIMIT $2[0m  [["id", 4], ["LIMIT", 1]]
  ↳ app/controllers/posts_controller.rb:67
  Rendering posts/show.html.erb within layouts/application
  Rendered posts/show.html.erb within layouts/application (2.8ms)
Completed 200 OK in 60ms (Views: 54.9ms | ActiveRecord: 0.6ms)


Started GET "/posts" for 127.0.0.1 at 2018-11-13 20:10:57 +0700
Processing by PostsController#index as HTML
  Rendering posts/index.html.erb within layouts/application
  [1m[36mPost Load (0.9ms)[0m  [1m[34mSELECT "posts".* FROM "posts"[0m
  ↳ app/views/posts/index.html.erb:2
  Rendered posts/index.html.erb within layouts/application (5.3ms)
Completed 200 OK in 66ms (Views: 60.7ms | ActiveRecord: 0.9ms)


Started GET "/posts/new" for 127.0.0.1 at 2018-11-13 20:11:01 +0700
Processing by PostsController#new as HTML
  Rendering posts/new.html.erb within layouts/application
  Rendered posts/_form.html.erb (6.3ms)
  Rendered posts/new.html.erb within layouts/application (10.4ms)
Completed 200 OK in 76ms (Views: 72.6ms | ActiveRecord: 0.0ms)


Started POST "/posts" for 127.0.0.1 at 2018-11-13 20:11:10 +0700
Processing by PostsController#create as HTML
  Parameters: {"utf8"=>"✓", "authenticity_token"=>"SlRoGJe7JVCOfXt2g4pEbbRDBxbXAAyze3rkGPpOjbwqTo5yN4/iujz7INJXgQSyCFjcz9h2EUBIPBKOLbuY0w==", "post"=>{"title"=>"Second Blog", "text"=>"Lorem ipsum dolor sit amet, consectetur adipiscing elit, sed do eiusmod tempor incididunt ut labore et dolore magna aliqua. Ut enim ad minim veniam, quis nostrud exercitation ullamco laboris nisi ut aliquip ex ea commodo consequat. Duis aute irure dolor in reprehenderit in voluptate velit esse cillum dolore eu fugiat nulla pariatur. Excepteur sint occaecat cupidatat non proident, sunt in culpa qui officia deserunt mollit anim id est laborum."}, "commit"=>"Create Post"}
  [1m[35m (0.4ms)[0m  [1m[35mBEGIN[0m
  ↳ app/controllers/posts_controller.rb:30
  [1m[36mPost Create (0.9ms)[0m  [1m[32mINSERT INTO "posts" ("title", "text", "created_at", "updated_at") VALUES ($1, $2, $3, $4) RETURNING "id"[0m  [["title", "Second Blog"], ["text", "Lorem ipsum dolor sit amet, consectetur adipiscing elit, sed do eiusmod tempor incididunt ut labore et dolore magna aliqua. Ut enim ad minim veniam, quis nostrud exercitation ullamco laboris nisi ut aliquip ex ea commodo consequat. Duis aute irure dolor in reprehenderit in voluptate velit esse cillum dolore eu fugiat nulla pariatur. Excepteur sint occaecat cupidatat non proident, sunt in culpa qui officia deserunt mollit anim id est laborum."], ["created_at", "2018-11-13 13:11:10.015455"], ["updated_at", "2018-11-13 13:11:10.015455"]]
  ↳ app/controllers/posts_controller.rb:30
  [1m[35m (46.4ms)[0m  [1m[35mCOMMIT[0m
  ↳ app/controllers/posts_controller.rb:30
Redirected to http://localhost:3000/posts/5
Completed 302 Found in 61ms (ActiveRecord: 47.8ms)


Started GET "/posts/5" for 127.0.0.1 at 2018-11-13 20:11:10 +0700
Processing by PostsController#show as HTML
  Parameters: {"id"=>"5"}
  [1m[36mPost Load (0.5ms)[0m  [1m[34mSELECT  "posts".* FROM "posts" WHERE "posts"."id" = $1 LIMIT $2[0m  [["id", 5], ["LIMIT", 1]]
  ↳ app/controllers/posts_controller.rb:67
  Rendering posts/show.html.erb within layouts/application
  Rendered posts/show.html.erb within layouts/application (2.0ms)
Completed 200 OK in 57ms (Views: 52.4ms | ActiveRecord: 0.5ms)


Started GET "/posts" for 127.0.0.1 at 2018-11-13 20:11:12 +0700
Processing by PostsController#index as HTML
  Rendering posts/index.html.erb within layouts/application
  [1m[36mPost Load (1.1ms)[0m  [1m[34mSELECT "posts".* FROM "posts"[0m
  ↳ app/views/posts/index.html.erb:2
  Rendered posts/index.html.erb within layouts/application (6.0ms)
Completed 200 OK in 66ms (Views: 61.4ms | ActiveRecord: 1.1ms)


Started GET "/posts/new" for 127.0.0.1 at 2018-11-13 20:11:15 +0700
Processing by PostsController#new as HTML
  Rendering posts/new.html.erb within layouts/application
  Rendered posts/_form.html.erb (7.0ms)
  Rendered posts/new.html.erb within layouts/application (10.3ms)
Completed 200 OK in 73ms (Views: 70.1ms | ActiveRecord: 0.0ms)


Started POST "/posts" for 127.0.0.1 at 2018-11-13 20:11:22 +0700
Processing by PostsController#create as HTML
  Parameters: {"utf8"=>"✓", "authenticity_token"=>"gbQS+FUF1fW39wbrCx0O8m4JxNcMhTE/XSC0heqMdQDhrvSS9TESHwVxXU/fFk4t0hIfDgPzLMxuZkITPXlgbw==", "post"=>{"title"=>"Third Blog", "text"=>"Lorem ipsum dolor sit amet, consectetur adipiscing elit, sed do eiusmod tempor incididunt ut labore et dolore magna aliqua. Ut enim ad minim veniam, quis nostrud exercitation ullamco laboris nisi ut aliquip ex ea commodo consequat. Duis aute irure dolor in reprehenderit in voluptate velit esse cillum dolore eu fugiat nulla pariatur. Excepteur sint occaecat cupidatat non proident, sunt in culpa qui officia deserunt mollit anim id est laborum."}, "commit"=>"Create Post"}
  [1m[35m (0.4ms)[0m  [1m[35mBEGIN[0m
  ↳ app/controllers/posts_controller.rb:30
  [1m[36mPost Create (1.1ms)[0m  [1m[32mINSERT INTO "posts" ("title", "text", "created_at", "updated_at") VALUES ($1, $2, $3, $4) RETURNING "id"[0m  [["title", "Third Blog"], ["text", "Lorem ipsum dolor sit amet, consectetur adipiscing elit, sed do eiusmod tempor incididunt ut labore et dolore magna aliqua. Ut enim ad minim veniam, quis nostrud exercitation ullamco laboris nisi ut aliquip ex ea commodo consequat. Duis aute irure dolor in reprehenderit in voluptate velit esse cillum dolore eu fugiat nulla pariatur. Excepteur sint occaecat cupidatat non proident, sunt in culpa qui officia deserunt mollit anim id est laborum."], ["created_at", "2018-11-13 13:11:22.465124"], ["updated_at", "2018-11-13 13:11:22.465124"]]
  ↳ app/controllers/posts_controller.rb:30
  [1m[35m (46.8ms)[0m  [1m[35mCOMMIT[0m
  ↳ app/controllers/posts_controller.rb:30
Redirected to http://localhost:3000/posts/6
Completed 302 Found in 59ms (ActiveRecord: 48.3ms)


Started GET "/posts/6" for 127.0.0.1 at 2018-11-13 20:11:22 +0700
Processing by PostsController#show as HTML
  Parameters: {"id"=>"6"}
  [1m[36mPost Load (0.7ms)[0m  [1m[34mSELECT  "posts".* FROM "posts" WHERE "posts"."id" = $1 LIMIT $2[0m  [["id", 6], ["LIMIT", 1]]
  ↳ app/controllers/posts_controller.rb:67
  Rendering posts/show.html.erb within layouts/application
  Rendered posts/show.html.erb within layouts/application (2.6ms)
Completed 200 OK in 70ms (Views: 50.8ms | ActiveRecord: 0.7ms)


Started GET "/posts" for 127.0.0.1 at 2018-11-13 20:11:24 +0700
Processing by PostsController#index as HTML
  Rendering posts/index.html.erb within layouts/application
  [1m[36mPost Load (0.9ms)[0m  [1m[34mSELECT "posts".* FROM "posts"[0m
  ↳ app/views/posts/index.html.erb:2
  Rendered posts/index.html.erb within layouts/application (6.2ms)
Completed 200 OK in 68ms (Views: 64.5ms | ActiveRecord: 0.9ms)


Started GET "/posts/new" for 127.0.0.1 at 2018-11-13 20:11:28 +0700
Processing by PostsController#new as HTML
  Rendering posts/new.html.erb within layouts/application
  Rendered posts/_form.html.erb (5.8ms)
  Rendered posts/new.html.erb within layouts/application (8.5ms)
Completed 200 OK in 68ms (Views: 65.3ms | ActiveRecord: 0.0ms)


Started POST "/posts" for 127.0.0.1 at 2018-11-13 20:11:36 +0700
Processing by PostsController#create as HTML
  Parameters: {"utf8"=>"✓", "authenticity_token"=>"L90z4uLuOLBo178+HnfC81RySxgxPCkuyhdR/PrUBGVPx9WIQtr/WtpR5JrKfIIs6GmQwT5KNN35UadqLSERCg==", "post"=>{"title"=>"Fourth", "text"=>"Lorem ipsum dolor sit amet, consectetur adipiscing elit, sed do eiusmod tempor incididunt ut labore et dolore magna aliqua. Ut enim ad minim veniam, quis nostrud exercitation ullamco laboris nisi ut aliquip ex ea commodo consequat. Duis aute irure dolor in reprehenderit in voluptate velit esse cillum dolore eu fugiat nulla pariatur. Excepteur sint occaecat cupidatat non proident, sunt in culpa qui officia deserunt mollit anim id est laborum."}, "commit"=>"Create Post"}
  [1m[35m (0.4ms)[0m  [1m[35mBEGIN[0m
  ↳ app/controllers/posts_controller.rb:30
  [1m[36mPost Create (1.8ms)[0m  [1m[32mINSERT INTO "posts" ("title", "text", "created_at", "updated_at") VALUES ($1, $2, $3, $4) RETURNING "id"[0m  [["title", "Fourth"], ["text", "Lorem ipsum dolor sit amet, consectetur adipiscing elit, sed do eiusmod tempor incididunt ut labore et dolore magna aliqua. Ut enim ad minim veniam, quis nostrud exercitation ullamco laboris nisi ut aliquip ex ea commodo consequat. Duis aute irure dolor in reprehenderit in voluptate velit esse cillum dolore eu fugiat nulla pariatur. Excepteur sint occaecat cupidatat non proident, sunt in culpa qui officia deserunt mollit anim id est laborum."], ["created_at", "2018-11-13 13:11:36.787549"], ["updated_at", "2018-11-13 13:11:36.787549"]]
  ↳ app/controllers/posts_controller.rb:30
  [1m[35m (49.1ms)[0m  [1m[35mCOMMIT[0m
  ↳ app/controllers/posts_controller.rb:30
Redirected to http://localhost:3000/posts/7
Completed 302 Found in 64ms (ActiveRecord: 51.3ms)


Started GET "/posts/7" for 127.0.0.1 at 2018-11-13 20:11:36 +0700
Processing by PostsController#show as HTML
  Parameters: {"id"=>"7"}
  [1m[36mPost Load (0.7ms)[0m  [1m[34mSELECT  "posts".* FROM "posts" WHERE "posts"."id" = $1 LIMIT $2[0m  [["id", 7], ["LIMIT", 1]]
  ↳ app/controllers/posts_controller.rb:67
  Rendering posts/show.html.erb within layouts/application
  Rendered posts/show.html.erb within layouts/application (2.1ms)
Completed 200 OK in 58ms (Views: 52.3ms | ActiveRecord: 0.7ms)


Started GET "/posts" for 127.0.0.1 at 2018-11-13 20:11:39 +0700
Processing by PostsController#index as HTML
  Rendering posts/index.html.erb within layouts/application
  [1m[36mPost Load (0.7ms)[0m  [1m[34mSELECT "posts".* FROM "posts"[0m
  ↳ app/views/posts/index.html.erb:2
  Rendered posts/index.html.erb within layouts/application (7.3ms)
Completed 200 OK in 65ms (Views: 62.3ms | ActiveRecord: 0.7ms)


Started GET "/posts" for 127.0.0.1 at 2018-11-13 20:27:36 +0700
Processing by PostsController#index as HTML
  Rendering posts/index.html.erb within layouts/application
  [1m[36mPost Load (1.4ms)[0m  [1m[34mSELECT "posts".* FROM "posts"[0m
  ↳ app/views/posts/index.html.erb:2
  Rendered posts/index.html.erb within layouts/application (46.3ms)
Completed 200 OK in 150ms (Views: 82.7ms | ActiveRecord: 19.3ms)


Started GET "/posts/4" for 127.0.0.1 at 2018-11-13 20:27:40 +0700
Processing by PostsController#show as HTML
  Parameters: {"id"=>"4"}
  [1m[36mPost Load (0.8ms)[0m  [1m[34mSELECT  "posts".* FROM "posts" WHERE "posts"."id" = $1 LIMIT $2[0m  [["id", 4], ["LIMIT", 1]]
  ↳ app/controllers/posts_controller.rb:64
  Rendering posts/show.html.erb within layouts/application
  [1m[36mComment Load (1.2ms)[0m  [1m[34mSELECT "comments".* FROM "comments" WHERE "comments"."post_id" = $1[0m  [["post_id", 4]]
  ↳ app/views/posts/show.html.erb:7
  Rendered posts/show.html.erb within layouts/application (56.4ms)
Completed 200 OK in 136ms (Views: 103.4ms | ActiveRecord: 7.6ms)


Started GET "/posts/4" for 127.0.0.1 at 2018-11-13 20:32:32 +0700
Processing by PostsController#show as HTML
  Parameters: {"id"=>"4"}
  [1m[36mPost Load (1.1ms)[0m  [1m[34mSELECT  "posts".* FROM "posts" WHERE "posts"."id" = $1 LIMIT $2[0m  [["id", 4], ["LIMIT", 1]]
  ↳ app/controllers/posts_controller.rb:64
  Rendering posts/show.html.erb within layouts/application
  [1m[36mComment Load (1.1ms)[0m  [1m[34mSELECT "comments".* FROM "comments" WHERE "comments"."post_id" = $1[0m  [["post_id", 4]]
  ↳ app/views/posts/show.html.erb:7
  Rendered posts/show.html.erb within layouts/application (32.1ms)
Completed 500 Internal Server Error in 76ms (ActiveRecord: 14.3ms)


  
ActionView::Template::Error (undefined method `builds' for #<ActiveRecord::Associations::CollectionProxy []>
Did you mean?  build):
     9: 	<p><%= time_ago_in_words comment.create_at %> ago</p>
    10: <% end %>
    11: 
    12: <%= form_for [@post, @post.comment.builds] do |f|%>
    13: 	<p><%= f.text_area :text, :size => '40x10' %></p>
    14: 	<p><%= f.submit "Post Comment" %></p>
    15: <% end %>
  
app/views/posts/show.html.erb:12:in `_app_views_posts_show_html_erb__2095246221556886392_69962786142440'
Started GET "/posts/4" for 127.0.0.1 at 2018-11-13 20:34:10 +0700
Processing by PostsController#show as HTML
  Parameters: {"id"=>"4"}
  [1m[36mPost Load (0.8ms)[0m  [1m[34mSELECT  "posts".* FROM "posts" WHERE "posts"."id" = $1 LIMIT $2[0m  [["id", 4], ["LIMIT", 1]]
  ↳ app/controllers/posts_controller.rb:64
  Rendering posts/show.html.erb within layouts/application
  [1m[36mComment Load (0.6ms)[0m  [1m[34mSELECT "comments".* FROM "comments" WHERE "comments"."post_id" = $1[0m  [["post_id", 4]]
  ↳ app/views/posts/show.html.erb:7
  Rendered posts/show.html.erb within layouts/application (136.5ms)
Completed 200 OK in 192ms (Views: 182.6ms | ActiveRecord: 5.4ms)


Started GET "/posts/4" for 127.0.0.1 at 2018-11-13 20:43:55 +0700
Processing by PostsController#show as HTML
  Parameters: {"id"=>"4"}
  [1m[36mPost Load (1.0ms)[0m  [1m[34mSELECT  "posts".* FROM "posts" WHERE "posts"."id" = $1 LIMIT $2[0m  [["id", 4], ["LIMIT", 1]]
  ↳ app/controllers/posts_controller.rb:64
  Rendering posts/show.html.erb within layouts/application
  [1m[36mComment Load (0.9ms)[0m  [1m[34mSELECT "comments".* FROM "comments" WHERE "comments"."post_id" = $1[0m  [["post_id", 4]]
  ↳ app/views/posts/show.html.erb:7
  Rendered posts/show.html.erb within layouts/application (54.3ms)
Completed 200 OK in 262ms (Views: 194.2ms | ActiveRecord: 35.7ms)


Started POST "/posts/4/comments" for 127.0.0.1 at 2018-11-13 20:44:05 +0700
Processing by CommentsController#create as HTML
  Parameters: {"utf8"=>"✓", "authenticity_token"=>"V4D6aJ7XwJuOIBAbXR63FGATY+jqSVzafHmyxOnvBl4qz7MNhZquMVJvuoB6KMd+QUgoxgIaQCWYYYUkgXmDMw==", "comment"=>{"text"=>"mantul"}, "commit"=>"Post Comment", "post_id"=>"4"}
  [1m[36mPost Load (0.8ms)[0m  [1m[34mSELECT  "posts".* FROM "posts" WHERE "posts"."id" = $1 LIMIT $2[0m  [["id", 4], ["LIMIT", 1]]
  ↳ app/controllers/comments_controller.rb:3
Completed 500 Internal Server Error in 25ms (ActiveRecord: 0.8ms)


  
NoMethodError (undefined method `comments' for #<Post:0x00007f42ec017d00>
Did you mean?  comment
               comment=):
  
app/controllers/comments_controller.rb:4:in `create'
Started POST "/posts/4/comments" for 127.0.0.1 at 2018-11-13 20:46:20 +0700
Processing by CommentsController#create as HTML
  Parameters: {"utf8"=>"✓", "authenticity_token"=>"V4D6aJ7XwJuOIBAbXR63FGATY+jqSVzafHmyxOnvBl4qz7MNhZquMVJvuoB6KMd+QUgoxgIaQCWYYYUkgXmDMw==", "comment"=>{"text"=>"mantul"}, "commit"=>"Post Comment", "post_id"=>"4"}
  [1m[36mPost Load (1.1ms)[0m  [1m[34mSELECT  "posts".* FROM "posts" WHERE "posts"."id" = $1 LIMIT $2[0m  [["id", 4], ["LIMIT", 1]]
  ↳ app/controllers/comments_controller.rb:3
Completed 500 Internal Server Error in 82ms (ActiveRecord: 13.7ms)


  
NoMethodError (undefined method `comments' for #<Post:0x00007f42ec26f490>
Did you mean?  comment
               comment=):
  
app/controllers/comments_controller.rb:4:in `create'
Started POST "/posts/4/comments" for 127.0.0.1 at 2018-11-13 20:47:13 +0700
Processing by CommentsController#create as HTML
  Parameters: {"utf8"=>"✓", "authenticity_token"=>"V4D6aJ7XwJuOIBAbXR63FGATY+jqSVzafHmyxOnvBl4qz7MNhZquMVJvuoB6KMd+QUgoxgIaQCWYYYUkgXmDMw==", "comment"=>{"text"=>"mantul"}, "commit"=>"Post Comment", "post_id"=>"4"}
  [1m[36mPost Load (1.1ms)[0m  [1m[34mSELECT  "posts".* FROM "posts" WHERE "posts"."id" = $1 LIMIT $2[0m  [["id", 4], ["LIMIT", 1]]
  ↳ app/controllers/comments_controller.rb:3
Completed 500 Internal Server Error in 78ms (ActiveRecord: 11.6ms)


  
NoMethodError (undefined method `comments' for #<Post:0x00007f42ec036a20>
Did you mean?  comment
               comment=):
  
app/controllers/comments_controller.rb:4:in `create'
Started POST "/posts/4/comments" for 127.0.0.1 at 2018-11-13 20:48:16 +0700
Processing by CommentsController#create as HTML
  Parameters: {"utf8"=>"✓", "authenticity_token"=>"V4D6aJ7XwJuOIBAbXR63FGATY+jqSVzafHmyxOnvBl4qz7MNhZquMVJvuoB6KMd+QUgoxgIaQCWYYYUkgXmDMw==", "comment"=>{"text"=>"mantul"}, "commit"=>"Post Comment", "post_id"=>"4"}
  [1m[36mPost Load (0.8ms)[0m  [1m[34mSELECT  "posts".* FROM "posts" WHERE "posts"."id" = $1 LIMIT $2[0m  [["id", 4], ["LIMIT", 1]]
  ↳ app/controllers/comments_controller.rb:3
Completed 500 Internal Server Error in 64ms (ActiveRecord: 12.8ms)


  
NoMethodError (undefined method `comments' for #<Post:0x00007f42f55f19c0>
Did you mean?  comment
               comment=):
  
app/controllers/comments_controller.rb:4:in `create'
Started POST "/posts/4/comments" for 127.0.0.1 at 2018-11-13 20:48:34 +0700
Processing by CommentsController#create as HTML
  Parameters: {"utf8"=>"✓", "authenticity_token"=>"V4D6aJ7XwJuOIBAbXR63FGATY+jqSVzafHmyxOnvBl4qz7MNhZquMVJvuoB6KMd+QUgoxgIaQCWYYYUkgXmDMw==", "comment"=>{"text"=>"mantul"}, "commit"=>"Post Comment", "post_id"=>"4"}
  [1m[36mPost Load (1.1ms)[0m  [1m[34mSELECT  "posts".* FROM "posts" WHERE "posts"."id" = $1 LIMIT $2[0m  [["id", 4], ["LIMIT", 1]]
  ↳ app/controllers/comments_controller.rb:3
Completed 500 Internal Server Error in 89ms (ActiveRecord: 25.8ms)


  
ActiveModel::ForbiddenAttributesError (ActiveModel::ForbiddenAttributesError):
  
app/controllers/comments_controller.rb:4:in `create'
Started POST "/posts/4/comments" for 127.0.0.1 at 2018-11-13 20:49:11 +0700
Processing by CommentsController#create as HTML
  Parameters: {"utf8"=>"✓", "authenticity_token"=>"V4D6aJ7XwJuOIBAbXR63FGATY+jqSVzafHmyxOnvBl4qz7MNhZquMVJvuoB6KMd+QUgoxgIaQCWYYYUkgXmDMw==", "comment"=>{"text"=>"mantul"}, "commit"=>"Post Comment", "post_id"=>"4"}
  [1m[36mPost Load (1.9ms)[0m  [1m[34mSELECT  "posts".* FROM "posts" WHERE "posts"."id" = $1 LIMIT $2[0m  [["id", 4], ["LIMIT", 1]]
  ↳ app/controllers/comments_controller.rb:3
Completed 500 Internal Server Error in 63ms (ActiveRecord: 11.1ms)


  
NoMethodError (undefined method `comments' for #<Post:0x00007f42f0d8daf8>
Did you mean?  comment
               comment=):
  
app/controllers/comments_controller.rb:4:in `create'
Started GET "/posts" for 127.0.0.1 at 2018-11-13 20:49:28 +0700
Processing by PostsController#index as HTML
  Rendering posts/index.html.erb within layouts/application
  [1m[36mPost Load (0.9ms)[0m  [1m[34mSELECT "posts".* FROM "posts"[0m
  ↳ app/views/posts/index.html.erb:2
  Rendered posts/index.html.erb within layouts/application (9.7ms)
Completed 200 OK in 84ms (Views: 80.0ms | ActiveRecord: 0.9ms)


Started GET "/posts/5" for 127.0.0.1 at 2018-11-13 20:49:31 +0700
Processing by PostsController#show as HTML
  Parameters: {"id"=>"5"}
  [1m[36mPost Load (0.6ms)[0m  [1m[34mSELECT  "posts".* FROM "posts" WHERE "posts"."id" = $1 LIMIT $2[0m  [["id", 5], ["LIMIT", 1]]
  ↳ app/controllers/posts_controller.rb:64
  Rendering posts/show.html.erb within layouts/application
  [1m[36mComment Load (1.0ms)[0m  [1m[34mSELECT "comments".* FROM "comments" WHERE "comments"."post_id" = $1[0m  [["post_id", 5]]
  ↳ app/views/posts/show.html.erb:7
  Rendered posts/show.html.erb within layouts/application (68.0ms)
Completed 200 OK in 128ms (Views: 113.6ms | ActiveRecord: 9.3ms)


Started POST "/posts/5/comments" for 127.0.0.1 at 2018-11-13 20:49:37 +0700
Processing by CommentsController#create as HTML
  Parameters: {"utf8"=>"✓", "authenticity_token"=>"koX2DD9lVIdQXoREvmgIIU/5IYPws96vnCSUQkhVm+OhP+96tHfCmcvuWrdFWnZMm40PT76AkbK9JD/nixqfwA==", "comment"=>{"text"=>"mantap\r\n"}, "commit"=>"Post Comment", "post_id"=>"5"}
  [1m[36mPost Load (0.9ms)[0m  [1m[34mSELECT  "posts".* FROM "posts" WHERE "posts"."id" = $1 LIMIT $2[0m  [["id", 5], ["LIMIT", 1]]
  ↳ app/controllers/comments_controller.rb:3
Completed 500 Internal Server Error in 27ms (ActiveRecord: 0.9ms)


  
NoMethodError (undefined method `comments' for #<Post:0x00007f42f0d59b18>
Did you mean?  comment
               comment=):
  
app/controllers/comments_controller.rb:4:in `create'
Started POST "/posts/5/comments" for 127.0.0.1 at 2018-11-13 20:50:46 +0700
Processing by CommentsController#create as HTML
  Parameters: {"utf8"=>"✓", "authenticity_token"=>"vXcZtdFz1aWj8Aq01xE7ZS6+QJnf3iGwDHLthWeUARrAOFDQyj67D3+/oC/wJ0sPD+ULtzeNPU/oatplDwKEdw==", "comment"=>{"text"=>"mantap\r\n"}, "commit"=>"Post Comment", "post_id"=>"5"}
  [1m[36mPost Load (0.7ms)[0m  [1m[34mSELECT  "posts".* FROM "posts" WHERE "posts"."id" = $1 LIMIT $2[0m  [["id", 5], ["LIMIT", 1]]
  ↳ app/controllers/comments_controller.rb:3
Completed 500 Internal Server Error in 63ms (ActiveRecord: 12.0ms)


  
NoMethodError (undefined method `comments' for #<Post:0x00007f42ec131a60>
Did you mean?  comment
               comment=):
  
app/controllers/comments_controller.rb:4:in `create'
Started POST "/posts/5/comments" for 127.0.0.1 at 2018-11-13 20:51:13 +0700
Processing by CommentsController#create as HTML
  Parameters: {"utf8"=>"✓", "authenticity_token"=>"vXcZtdFz1aWj8Aq01xE7ZS6+QJnf3iGwDHLthWeUARrAOFDQyj67D3+/oC/wJ0sPD+ULtzeNPU/oatplDwKEdw==", "comment"=>{"text"=>"mantap\r\n"}, "commit"=>"Post Comment", "post_id"=>"5"}
  [1m[36mPost Load (3.4ms)[0m  [1m[34mSELECT  "posts".* FROM "posts" WHERE "posts"."id" = $1 LIMIT $2[0m  [["id", 5], ["LIMIT", 1]]
  ↳ app/controllers/comments_controller.rb:3
Completed 500 Internal Server Error in 86ms (ActiveRecord: 15.1ms)


  
NoMethodError (undefined method `comments' for #<Post:0x00007f42f0d6e450>
Did you mean?  comment
               comment=):
  
app/controllers/comments_controller.rb:4:in `create'
Started POST "/__web_console/repl_sessions/dad00886cf342aff1d3f6f5dae63b961/trace" for 127.0.0.1 at 2018-11-13 20:51:18 +0700
Started GET "/posts" for 127.0.0.1 at 2018-11-13 20:51:25 +0700
Processing by PostsController#index as HTML
  Rendering posts/index.html.erb within layouts/application
  [1m[36mPost Load (1.5ms)[0m  [1m[34mSELECT "posts".* FROM "posts"[0m
  ↳ app/views/posts/index.html.erb:2
  Rendered posts/index.html.erb within layouts/application (13.5ms)
Completed 200 OK in 86ms (Views: 81.1ms | ActiveRecord: 1.5ms)


Started GET "/posts/4" for 127.0.0.1 at 2018-11-13 20:51:28 +0700
Processing by PostsController#show as HTML
  Parameters: {"id"=>"4"}
  [1m[36mPost Load (0.9ms)[0m  [1m[34mSELECT  "posts".* FROM "posts" WHERE "posts"."id" = $1 LIMIT $2[0m  [["id", 4], ["LIMIT", 1]]
  ↳ app/controllers/posts_controller.rb:64
  Rendering posts/show.html.erb within layouts/application
  [1m[36mComment Load (1.0ms)[0m  [1m[34mSELECT "comments".* FROM "comments" WHERE "comments"."post_id" = $1[0m  [["post_id", 4]]
  ↳ app/views/posts/show.html.erb:7
  Rendered posts/show.html.erb within layouts/application (45.9ms)
Completed 200 OK in 116ms (Views: 98.4ms | ActiveRecord: 10.7ms)


Started POST "/posts/4/comments" for 127.0.0.1 at 2018-11-13 20:51:31 +0700
Processing by CommentsController#create as HTML
  Parameters: {"utf8"=>"✓", "authenticity_token"=>"ar9jgge8CSME9VLjnUs23fu6ehEtiTd+fz7WMCEIwWxOf8vKAljoa+ucZnI0PzHvzGPx6YZElBEfvCrkPwiZxQ==", "comment"=>{"text"=>""}, "commit"=>"Post Comment", "post_id"=>"4"}
  [1m[36mPost Load (0.9ms)[0m  [1m[34mSELECT  "posts".* FROM "posts" WHERE "posts"."id" = $1 LIMIT $2[0m  [["id", 4], ["LIMIT", 1]]
  ↳ app/controllers/comments_controller.rb:3
Completed 500 Internal Server Error in 25ms (ActiveRecord: 0.9ms)


  
NoMethodError (undefined method `comments' for #<Post:0x0000563a3efbedb0>
Did you mean?  comment
               comment=):
  
app/controllers/comments_controller.rb:4:in `create'
Started POST "/posts/4/comments" for 127.0.0.1 at 2018-11-13 20:55:13 +0700
Processing by CommentsController#create as HTML
  Parameters: {"utf8"=>"✓", "authenticity_token"=>"ar9jgge8CSME9VLjnUs23fu6ehEtiTd+fz7WMCEIwWxOf8vKAljoa+ucZnI0PzHvzGPx6YZElBEfvCrkPwiZxQ==", "comment"=>{"text"=>""}, "commit"=>"Post Comment", "post_id"=>"4"}
  [1m[36mPost Load (0.7ms)[0m  [1m[34mSELECT  "posts".* FROM "posts" WHERE "posts"."id" = $1 LIMIT $2[0m  [["id", 4], ["LIMIT", 1]]
  ↳ app/controllers/comments_controller.rb:3
Completed 500 Internal Server Error in 66ms (ActiveRecord: 13.8ms)


  
NoMethodError (undefined method `comments' for #<Post:0x00007f42f52bdb00>
Did you mean?  comment
               comment=):
  
app/controllers/comments_controller.rb:4:in `create'
Started POST "/posts/4/comments" for 127.0.0.1 at 2018-11-13 20:55:59 +0700
Processing by CommentsController#create as HTML
  Parameters: {"utf8"=>"✓", "authenticity_token"=>"ar9jgge8CSME9VLjnUs23fu6ehEtiTd+fz7WMCEIwWxOf8vKAljoa+ucZnI0PzHvzGPx6YZElBEfvCrkPwiZxQ==", "comment"=>{"text"=>""}, "commit"=>"Post Comment", "post_id"=>"4"}
  [1m[36mPost Load (0.6ms)[0m  [1m[34mSELECT  "posts".* FROM "posts" WHERE "posts"."id" = $1 LIMIT $2[0m  [["id", 4], ["LIMIT", 1]]
  ↳ app/controllers/comments_controller.rb:3
Completed 500 Internal Server Error in 23ms (ActiveRecord: 0.6ms)


  
NoMethodError (undefined method `comments' for #<Post:0x00007f42f61fa5f0>
Did you mean?  comment
               comment=):
  
app/controllers/comments_controller.rb:4:in `create'
Started GET "/posts/4/edit" for 127.0.0.1 at 2018-11-13 20:56:13 +0700
Processing by PostsController#edit as HTML
  Parameters: {"id"=>"4"}
  [1m[36mPost Load (3.6ms)[0m  [1m[34mSELECT  "posts".* FROM "posts" WHERE "posts"."id" = $1 LIMIT $2[0m  [["id", 4], ["LIMIT", 1]]
  ↳ app/controllers/posts_controller.rb:64
  Rendering posts/edit.html.erb within layouts/application
  Rendered posts/_form.html.erb (7.2ms)
  Rendered posts/edit.html.erb within layouts/application (11.4ms)
Completed 200 OK in 86ms (Views: 77.1ms | ActiveRecord: 3.6ms)


Started GET "/posts/4" for 127.0.0.1 at 2018-11-13 20:56:17 +0700
Processing by PostsController#show as HTML
  Parameters: {"id"=>"4"}
  [1m[36mPost Load (0.6ms)[0m  [1m[34mSELECT  "posts".* FROM "posts" WHERE "posts"."id" = $1 LIMIT $2[0m  [["id", 4], ["LIMIT", 1]]
  ↳ app/controllers/posts_controller.rb:64
  Rendering posts/show.html.erb within layouts/application
  [1m[36mComment Load (0.8ms)[0m  [1m[34mSELECT "comments".* FROM "comments" WHERE "comments"."post_id" = $1[0m  [["post_id", 4]]
  ↳ app/views/posts/show.html.erb:7
  Rendered posts/show.html.erb within layouts/application (50.2ms)
Completed 200 OK in 119ms (Views: 103.5ms | ActiveRecord: 9.6ms)


Started POST "/posts/4/comments" for 127.0.0.1 at 2018-11-13 20:56:24 +0700
Processing by CommentsController#create as HTML
  Parameters: {"utf8"=>"✓", "authenticity_token"=>"jCuSvoHRl43EWXoth/z5W+95iRVBmB6khk5Q/wM/ab+o6zr2hDV2xSswTrwuiP5p2KAC7epVvcvmzKwrHT8xFg==", "comment"=>{"text"=>"11111\r\n"}, "commit"=>"Post Comment", "post_id"=>"4"}
  [1m[36mPost Load (0.7ms)[0m  [1m[34mSELECT  "posts".* FROM "posts" WHERE "posts"."id" = $1 LIMIT $2[0m  [["id", 4], ["LIMIT", 1]]
  ↳ app/controllers/comments_controller.rb:3
Completed 500 Internal Server Error in 23ms (ActiveRecord: 0.7ms)


  
NoMethodError (undefined method `comments' for #<Post:0x00007f42f5a739a8>
Did you mean?  comment
               comment=):
  
app/controllers/comments_controller.rb:4:in `create'
Started POST "/posts/4/comments" for 127.0.0.1 at 2018-11-13 20:57:26 +0700
Processing by CommentsController#create as HTML
  Parameters: {"utf8"=>"✓", "authenticity_token"=>"jCuSvoHRl43EWXoth/z5W+95iRVBmB6khk5Q/wM/ab+o6zr2hDV2xSswTrwuiP5p2KAC7epVvcvmzKwrHT8xFg==", "comment"=>{"text"=>"11111\r\n"}, "commit"=>"Post Comment", "post_id"=>"4"}
  [1m[36mPost Load (0.8ms)[0m  [1m[34mSELECT  "posts".* FROM "posts" WHERE "posts"."id" = $1 LIMIT $2[0m  [["id", 4], ["LIMIT", 1]]
  ↳ app/controllers/comments_controller.rb:3
Completed 500 Internal Server Error in 59ms (ActiveRecord: 10.8ms)


  
NoMethodError (undefined method `comments' for #<Post:0x00007f42f148fbd0>
Did you mean?  comment
               comment=):
  
app/controllers/comments_controller.rb:4:in `create'
Started POST "/posts/4/comments" for 127.0.0.1 at 2018-11-13 20:58:54 +0700
Processing by CommentsController#create as HTML
  Parameters: {"utf8"=>"✓", "authenticity_token"=>"tJGDDruOIq8Ur9iwiqznH2GosAL1LzzmX+h5UMhIVmTJ3sproMNMBcjgciutmpd1QPP7LB18IBm78E6woN7TCQ==", "comment"=>{"text"=>"mantul"}, "commit"=>"Post Comment", "post_id"=>"4"}
  [1m[36mPost Load (0.7ms)[0m  [1m[34mSELECT  "posts".* FROM "posts" WHERE "posts"."id" = $1 LIMIT $2[0m  [["id", 4], ["LIMIT", 1]]
  ↳ app/controllers/comments_controller.rb:3
Completed 500 Internal Server Error in 60ms (ActiveRecord: 12.6ms)


  
NoMethodError (undefined method `comments' for #<Post:0x00007f42f5e65fe8>
Did you mean?  comment
               comment=):
  
app/controllers/comments_controller.rb:4:in `create'
Started POST "/posts/4/comments" for 127.0.0.1 at 2018-11-13 21:01:06 +0700
Processing by CommentsController#create as HTML
  Parameters: {"utf8"=>"✓", "authenticity_token"=>"tJGDDruOIq8Ur9iwiqznH2GosAL1LzzmX+h5UMhIVmTJ3sproMNMBcjgciutmpd1QPP7LB18IBm78E6woN7TCQ==", "comment"=>{"text"=>"mantul"}, "commit"=>"Post Comment", "post_id"=>"4"}
  [1m[36mPost Load (0.7ms)[0m  [1m[34mSELECT  "posts".* FROM "posts" WHERE "posts"."id" = $1 LIMIT $2[0m  [["id", 4], ["LIMIT", 1]]
  ↳ app/controllers/comments_controller.rb:3
Completed 500 Internal Server Error in 61ms (ActiveRecord: 13.2ms)


  
NoMethodError (undefined method `comments' for #<Post:0x00007f42f5c62868>
Did you mean?  comment
               comment=):
  
app/controllers/comments_controller.rb:4:in `create'
Started POST "/posts/4/comments" for 127.0.0.1 at 2018-11-13 21:01:22 +0700
Processing by CommentsController#create as HTML
  Parameters: {"utf8"=>"✓", "authenticity_token"=>"tJGDDruOIq8Ur9iwiqznH2GosAL1LzzmX+h5UMhIVmTJ3sproMNMBcjgciutmpd1QPP7LB18IBm78E6woN7TCQ==", "comment"=>{"text"=>"mantul"}, "commit"=>"Post Comment", "post_id"=>"4"}
  [1m[36mPost Load (0.9ms)[0m  [1m[34mSELECT  "posts".* FROM "posts" WHERE "posts"."id" = $1 LIMIT $2[0m  [["id", 4], ["LIMIT", 1]]
  ↳ app/controllers/comments_controller.rb:3
Completed 500 Internal Server Error in 60ms (ActiveRecord: 11.8ms)


  
NoMethodError (undefined method `comments' for #<Post:0x00007f42f0a3b4e0>
Did you mean?  comment
               comment=):
  
app/controllers/comments_controller.rb:4:in `create'
Started GET "/posts/4" for 127.0.0.1 at 2018-11-13 21:09:22 +0700
Processing by PostsController#show as HTML
  Parameters: {"id"=>"4"}
  [1m[36mPost Load (1.0ms)[0m  [1m[34mSELECT  "posts".* FROM "posts" WHERE "posts"."id" = $1 LIMIT $2[0m  [["id", 4], ["LIMIT", 1]]
  ↳ app/controllers/posts_controller.rb:64
  Rendering posts/show.html.erb within layouts/application
  Rendered posts/show.html.erb within layouts/application (3.2ms)
Completed 200 OK in 108ms (Views: 59.1ms | ActiveRecord: 18.9ms)


Started GET "/posts" for 127.0.0.1 at 2018-11-13 21:09:25 +0700
Processing by PostsController#index as HTML
  Rendering posts/index.html.erb within layouts/application
  [1m[36mPost Load (0.8ms)[0m  [1m[34mSELECT "posts".* FROM "posts"[0m
  ↳ app/views/posts/index.html.erb:2
  Rendered posts/index.html.erb within layouts/application (9.2ms)
Completed 200 OK in 72ms (Views: 68.4ms | ActiveRecord: 0.8ms)


Started GET "/posts" for 127.0.0.1 at 2018-11-13 21:10:02 +0700
Processing by PostsController#index as HTML
  Rendering posts/index.html.erb within layouts/application
  [1m[36mPost Load (0.7ms)[0m  [1m[34mSELECT "posts".* FROM "posts"[0m
  ↳ app/views/posts/index.html.erb:2
  Rendered posts/index.html.erb within layouts/application (33.6ms)
Completed 200 OK in 103ms (Views: 83.1ms | ActiveRecord: 10.1ms)


Started GET "/posts/4" for 127.0.0.1 at 2018-11-13 21:10:05 +0700
Processing by PostsController#show as HTML
  Parameters: {"id"=>"4"}
  [1m[36mPost Load (0.7ms)[0m  [1m[34mSELECT  "posts".* FROM "posts" WHERE "posts"."id" = $1 LIMIT $2[0m  [["id", 4], ["LIMIT", 1]]
  ↳ app/controllers/posts_controller.rb:64
  Rendering posts/show.html.erb within layouts/application
  Rendered posts/show.html.erb within layouts/application (2.3ms)
Completed 200 OK in 75ms (Views: 68.8ms | ActiveRecord: 0.7ms)


Started GET "/posts/4/edit" for 127.0.0.1 at 2018-11-13 21:10:07 +0700
Processing by PostsController#edit as HTML
  Parameters: {"id"=>"4"}
  [1m[36mPost Load (0.8ms)[0m  [1m[34mSELECT  "posts".* FROM "posts" WHERE "posts"."id" = $1 LIMIT $2[0m  [["id", 4], ["LIMIT", 1]]
  ↳ app/controllers/posts_controller.rb:64
  Rendering posts/edit.html.erb within layouts/application
  Rendered posts/_form.html.erb (9.6ms)
  Rendered posts/edit.html.erb within layouts/application (12.9ms)
Completed 200 OK in 86ms (Views: 80.8ms | ActiveRecord: 0.8ms)


Started GET "/posts/4" for 127.0.0.1 at 2018-11-13 21:10:09 +0700
Processing by PostsController#show as HTML
  Parameters: {"id"=>"4"}
  [1m[36mPost Load (1.0ms)[0m  [1m[34mSELECT  "posts".* FROM "posts" WHERE "posts"."id" = $1 LIMIT $2[0m  [["id", 4], ["LIMIT", 1]]
  ↳ app/controllers/posts_controller.rb:64
  Rendering posts/show.html.erb within layouts/application
  Rendered posts/show.html.erb within layouts/application (2.5ms)
Completed 200 OK in 76ms (Views: 64.9ms | ActiveRecord: 1.0ms)


Started GET "/posts" for 127.0.0.1 at 2018-11-13 21:10:10 +0700
Processing by PostsController#index as HTML
  Rendering posts/index.html.erb within layouts/application
  [1m[36mPost Load (1.0ms)[0m  [1m[34mSELECT "posts".* FROM "posts"[0m
  ↳ app/views/posts/index.html.erb:2
  Rendered posts/index.html.erb within layouts/application (10.3ms)
Completed 200 OK in 79ms (Views: 75.1ms | ActiveRecord: 1.0ms)


Started GET "/posts/6" for 127.0.0.1 at 2018-11-13 21:10:13 +0700
Processing by PostsController#show as HTML
  Parameters: {"id"=>"6"}
  [1m[36mPost Load (0.8ms)[0m  [1m[34mSELECT  "posts".* FROM "posts" WHERE "posts"."id" = $1 LIMIT $2[0m  [["id", 6], ["LIMIT", 1]]
  ↳ app/controllers/posts_controller.rb:64
  Rendering posts/show.html.erb within layouts/application
  Rendered posts/show.html.erb within layouts/application (2.8ms)
Completed 200 OK in 73ms (Views: 67.1ms | ActiveRecord: 0.8ms)


Started DELETE "/posts/6" for 127.0.0.1 at 2018-11-13 21:10:15 +0700
Processing by PostsController#destroy as HTML
  Parameters: {"authenticity_token"=>"VK7PbQlcwjtvkWb3K67iKAU1f0FSKU7wM/bdx8uf3iIp4YYIEhGskbPezGwMmJJCJG40b7p6Ug/X7uonowlbTw==", "id"=>"6"}
  [1m[36mPost Load (0.7ms)[0m  [1m[34mSELECT  "posts".* FROM "posts" WHERE "posts"."id" = $1 LIMIT $2[0m  [["id", 6], ["LIMIT", 1]]
  ↳ app/controllers/posts_controller.rb:64
  [1m[35m (0.3ms)[0m  [1m[35mBEGIN[0m
  ↳ app/controllers/posts_controller.rb:53
  [1m[36mPost Destroy (1.2ms)[0m  [1m[31mDELETE FROM "posts" WHERE "posts"."id" = $1[0m  [["id", 6]]
  ↳ app/controllers/posts_controller.rb:53
  [1m[35m (55.2ms)[0m  [1m[35mCOMMIT[0m
  ↳ app/controllers/posts_controller.rb:53
Redirected to http://localhost:3000/posts
Completed 302 Found in 67ms (ActiveRecord: 57.5ms)


Started GET "/posts" for 127.0.0.1 at 2018-11-13 21:10:15 +0700
Processing by PostsController#index as HTML
  Rendering posts/index.html.erb within layouts/application
  [1m[36mPost Load (1.5ms)[0m  [1m[34mSELECT "posts".* FROM "posts"[0m
  ↳ app/views/posts/index.html.erb:2
  Rendered posts/index.html.erb within layouts/application (9.0ms)
Completed 200 OK in 71ms (Views: 66.6ms | ActiveRecord: 1.5ms)


Started GET "/posts/7" for 127.0.0.1 at 2018-11-13 21:10:18 +0700
Processing by PostsController#show as HTML
  Parameters: {"id"=>"7"}
  [1m[36mPost Load (0.7ms)[0m  [1m[34mSELECT  "posts".* FROM "posts" WHERE "posts"."id" = $1 LIMIT $2[0m  [["id", 7], ["LIMIT", 1]]
  ↳ app/controllers/posts_controller.rb:64
  Rendering posts/show.html.erb within layouts/application
  Rendered posts/show.html.erb within layouts/application (2.2ms)
Completed 200 OK in 72ms (Views: 66.9ms | ActiveRecord: 0.7ms)


Started DELETE "/posts/7" for 127.0.0.1 at 2018-11-13 21:10:21 +0700
Processing by PostsController#destroy as HTML
  Parameters: {"authenticity_token"=>"Ks2yjk8ghvrkEcDrIBNtUU32vm/9W6xHMQEEXFGinkNXgvvrVG3oUDheanAHJR07bK31QRUIsLjVGTO8OTQbLg==", "id"=>"7"}
  [1m[36mPost Load (0.5ms)[0m  [1m[34mSELECT  "posts".* FROM "posts" WHERE "posts"."id" = $1 LIMIT $2[0m  [["id", 7], ["LIMIT", 1]]
  ↳ app/controllers/posts_controller.rb:64
  [1m[35m (0.3ms)[0m  [1m[35mBEGIN[0m
  ↳ app/controllers/posts_controller.rb:53
  [1m[36mPost Destroy (0.7ms)[0m  [1m[31mDELETE FROM "posts" WHERE "posts"."id" = $1[0m  [["id", 7]]
  ↳ app/controllers/posts_controller.rb:53
  [1m[35m (45.7ms)[0m  [1m[35mCOMMIT[0m
  ↳ app/controllers/posts_controller.rb:53
Redirected to http://localhost:3000/posts
Completed 302 Found in 55ms (ActiveRecord: 47.2ms)


Started GET "/posts" for 127.0.0.1 at 2018-11-13 21:10:21 +0700
Processing by PostsController#index as HTML
  Rendering posts/index.html.erb within layouts/application
  [1m[36mPost Load (0.7ms)[0m  [1m[34mSELECT "posts".* FROM "posts"[0m
  ↳ app/views/posts/index.html.erb:2
  Rendered posts/index.html.erb within layouts/application (6.1ms)
Completed 200 OK in 88ms (Views: 84.1ms | ActiveRecord: 0.7ms)


